{"D:\\folder_backup_20-10-2023\\Pelatihan_Binar_Academy\\Challenge_file\\chapter_5\\basic-bank-system\\app\\controller\\index.js": {"path":"D:\\folder_backup_20-10-2023\\Pelatihan_Binar_Academy\\Challenge_file\\chapter_5\\basic-bank-system\\app\\controller\\index.js","all":false,"statementMap":{"0":{"start":{"line":1,"column":0},"end":{"line":1,"column":41}},"1":{"start":{"line":2,"column":0},"end":{"line":2,"column":47}},"2":{"start":{"line":3,"column":0},"end":{"line":3,"column":55}},"3":{"start":{"line":4,"column":0},"end":{"line":4,"column":52}}},"s":{"0":1,"1":1,"2":1,"3":1},"branchMap":{},"b":{},"fnMap":{},"f":{}}
,"D:\\folder_backup_20-10-2023\\Pelatihan_Binar_Academy\\Challenge_file\\chapter_5\\basic-bank-system\\app\\controller\\api\\v2\\accounts.js": {"path":"D:\\folder_backup_20-10-2023\\Pelatihan_Binar_Academy\\Challenge_file\\chapter_5\\basic-bank-system\\app\\controller\\api\\v2\\accounts.js","all":false,"statementMap":{"0":{"start":{"line":1,"column":0},"end":{"line":1,"column":53}},"1":{"start":{"line":2,"column":0},"end":{"line":2,"column":32}},"2":{"start":{"line":3,"column":0},"end":{"line":3,"column":18}},"3":{"start":{"line":4,"column":0},"end":{"line":4,"column":31}},"4":{"start":{"line":5,"column":0},"end":{"line":5,"column":22}},"5":{"start":{"line":6,"column":0},"end":{"line":6,"column":117}},"6":{"start":{"line":7,"column":0},"end":{"line":7,"column":31}},"7":{"start":{"line":8,"column":0},"end":{"line":8,"column":38}},"8":{"start":{"line":9,"column":0},"end":{"line":9,"column":39}},"9":{"start":{"line":10,"column":0},"end":{"line":10,"column":31}},"10":{"start":{"line":11,"column":0},"end":{"line":11,"column":42}},"11":{"start":{"line":12,"column":0},"end":{"line":12,"column":18}},"12":{"start":{"line":13,"column":0},"end":{"line":13,"column":13}},"13":{"start":{"line":14,"column":0},"end":{"line":14,"column":39}},"14":{"start":{"line":15,"column":0},"end":{"line":15,"column":35}},"15":{"start":{"line":16,"column":0},"end":{"line":16,"column":27}},"16":{"start":{"line":17,"column":0},"end":{"line":17,"column":52}},"17":{"start":{"line":18,"column":0},"end":{"line":18,"column":29}},"18":{"start":{"line":19,"column":0},"end":{"line":19,"column":15}},"19":{"start":{"line":20,"column":0},"end":{"line":20,"column":9}},"20":{"start":{"line":21,"column":0},"end":{"line":21,"column":6}},"21":{"start":{"line":22,"column":0},"end":{"line":22,"column":34}},"22":{"start":{"line":23,"column":0},"end":{"line":23,"column":28}},"23":{"start":{"line":24,"column":0},"end":{"line":24,"column":34}},"24":{"start":{"line":25,"column":0},"end":{"line":25,"column":31}},"25":{"start":{"line":26,"column":0},"end":{"line":26,"column":26}},"26":{"start":{"line":27,"column":0},"end":{"line":27,"column":75}},"27":{"start":{"line":28,"column":0},"end":{"line":28,"column":14}},"28":{"start":{"line":29,"column":0},"end":{"line":29,"column":9}},"29":{"start":{"line":30,"column":0},"end":{"line":30,"column":13}},"30":{"start":{"line":31,"column":0},"end":{"line":31,"column":78}},"31":{"start":{"line":32,"column":0},"end":{"line":32,"column":29}},"32":{"start":{"line":33,"column":0},"end":{"line":33,"column":38}},"33":{"start":{"line":34,"column":0},"end":{"line":34,"column":34}},"34":{"start":{"line":35,"column":0},"end":{"line":35,"column":26}},"35":{"start":{"line":36,"column":0},"end":{"line":36,"column":49}},"36":{"start":{"line":37,"column":0},"end":{"line":37,"column":34}},"37":{"start":{"line":38,"column":0},"end":{"line":38,"column":15}},"38":{"start":{"line":39,"column":0},"end":{"line":39,"column":17}},"39":{"start":{"line":40,"column":0},"end":{"line":40,"column":38}},"40":{"start":{"line":41,"column":0},"end":{"line":41,"column":35}},"41":{"start":{"line":42,"column":0},"end":{"line":42,"column":30}},"42":{"start":{"line":43,"column":0},"end":{"line":43,"column":52}},"43":{"start":{"line":44,"column":0},"end":{"line":44,"column":18}},"44":{"start":{"line":45,"column":0},"end":{"line":45,"column":14}},"45":{"start":{"line":46,"column":0},"end":{"line":46,"column":6}},"46":{"start":{"line":47,"column":0},"end":{"line":47,"column":32}},"47":{"start":{"line":48,"column":0},"end":{"line":48,"column":13}},"48":{"start":{"line":49,"column":0},"end":{"line":49,"column":106}},"49":{"start":{"line":50,"column":0},"end":{"line":50,"column":45}},"50":{"start":{"line":51,"column":0},"end":{"line":51,"column":36}},"51":{"start":{"line":52,"column":0},"end":{"line":52,"column":31}},"52":{"start":{"line":53,"column":0},"end":{"line":53,"column":70}},"53":{"start":{"line":54,"column":0},"end":{"line":54,"column":18}},"54":{"start":{"line":55,"column":0},"end":{"line":55,"column":13}},"55":{"start":{"line":56,"column":0},"end":{"line":56,"column":80}},"56":{"start":{"line":57,"column":0},"end":{"line":57,"column":28}},"57":{"start":{"line":58,"column":0},"end":{"line":58,"column":45}},"58":{"start":{"line":59,"column":0},"end":{"line":59,"column":36}},"59":{"start":{"line":60,"column":0},"end":{"line":60,"column":31}},"60":{"start":{"line":61,"column":0},"end":{"line":61,"column":51}},"61":{"start":{"line":62,"column":0},"end":{"line":62,"column":18}},"62":{"start":{"line":63,"column":0},"end":{"line":63,"column":13}},"63":{"start":{"line":64,"column":0},"end":{"line":64,"column":17}},"64":{"start":{"line":65,"column":0},"end":{"line":65,"column":78}},"65":{"start":{"line":66,"column":0},"end":{"line":66,"column":146}},"66":{"start":{"line":67,"column":0},"end":{"line":67,"column":26}},"67":{"start":{"line":68,"column":0},"end":{"line":68,"column":46}},"68":{"start":{"line":69,"column":0},"end":{"line":69,"column":39}},"69":{"start":{"line":70,"column":0},"end":{"line":70,"column":31}},"70":{"start":{"line":71,"column":0},"end":{"line":71,"column":57}},"71":{"start":{"line":72,"column":0},"end":{"line":72,"column":33}},"72":{"start":{"line":73,"column":0},"end":{"line":73,"column":16}},"73":{"start":{"line":74,"column":0},"end":{"line":74,"column":25}},"74":{"start":{"line":75,"column":0},"end":{"line":75,"column":34}},"75":{"start":{"line":76,"column":0},"end":{"line":76,"column":32}},"76":{"start":{"line":77,"column":0},"end":{"line":77,"column":27}},"77":{"start":{"line":78,"column":0},"end":{"line":78,"column":47}},"78":{"start":{"line":79,"column":0},"end":{"line":79,"column":14}},"79":{"start":{"line":80,"column":0},"end":{"line":80,"column":9}},"80":{"start":{"line":81,"column":0},"end":{"line":81,"column":2}},"81":{"start":{"line":82,"column":0},"end":{"line":82,"column":37}},"82":{"start":{"line":83,"column":0},"end":{"line":83,"column":47}},"83":{"start":{"line":84,"column":0},"end":{"line":84,"column":41}},"84":{"start":{"line":85,"column":0},"end":{"line":85,"column":32}},"85":{"start":{"line":86,"column":0},"end":{"line":86,"column":27}},"86":{"start":{"line":87,"column":0},"end":{"line":87,"column":76}},"87":{"start":{"line":88,"column":0},"end":{"line":88,"column":14}},"88":{"start":{"line":89,"column":0},"end":{"line":89,"column":9}},"89":{"start":{"line":90,"column":0},"end":{"line":90,"column":66}},"90":{"start":{"line":91,"column":0},"end":{"line":91,"column":19}},"91":{"start":{"line":92,"column":0},"end":{"line":92,"column":68}},"92":{"start":{"line":93,"column":0},"end":{"line":93,"column":34}},"93":{"start":{"line":94,"column":0},"end":{"line":94,"column":31}},"94":{"start":{"line":95,"column":0},"end":{"line":95,"column":23}},"95":{"start":{"line":96,"column":0},"end":{"line":96,"column":40}},"96":{"start":{"line":97,"column":0},"end":{"line":97,"column":25}},"97":{"start":{"line":98,"column":0},"end":{"line":98,"column":14}},"98":{"start":{"line":99,"column":0},"end":{"line":99,"column":13}},"99":{"start":{"line":100,"column":0},"end":{"line":100,"column":13}},"100":{"start":{"line":101,"column":0},"end":{"line":101,"column":34}},"101":{"start":{"line":102,"column":0},"end":{"line":102,"column":32}},"102":{"start":{"line":103,"column":0},"end":{"line":103,"column":27}},"103":{"start":{"line":104,"column":0},"end":{"line":104,"column":50}},"104":{"start":{"line":105,"column":0},"end":{"line":105,"column":14}},"105":{"start":{"line":106,"column":0},"end":{"line":106,"column":0}},"106":{"start":{"line":107,"column":0},"end":{"line":107,"column":1}},"107":{"start":{"line":108,"column":0},"end":{"line":108,"column":1}},"108":{"start":{"line":109,"column":0},"end":{"line":109,"column":1}}},"s":{"0":1,"1":1,"2":1,"3":1,"4":2,"5":2,"6":2,"7":1,"8":1,"9":1,"10":1,"11":1,"12":1,"13":1,"14":1,"15":1,"16":1,"17":1,"18":1,"19":2,"20":1,"21":1,"22":3,"23":1,"24":1,"25":1,"26":1,"27":1,"28":1,"29":2,"30":2,"31":2,"32":1,"33":1,"34":1,"35":1,"36":1,"37":1,"38":1,"39":1,"40":1,"41":1,"42":1,"43":1,"44":2,"45":1,"46":1,"47":4,"48":4,"49":1,"50":1,"51":1,"52":1,"53":1,"54":1,"55":3,"56":4,"57":1,"58":1,"59":1,"60":1,"61":1,"62":1,"63":1,"64":1,"65":1,"66":0,"67":0,"68":0,"69":0,"70":0,"71":0,"72":1,"73":4,"74":2,"75":2,"76":2,"77":2,"78":2,"79":2,"80":1,"81":1,"82":3,"83":1,"84":1,"85":1,"86":1,"87":1,"88":1,"89":2,"90":3,"91":0,"92":0,"93":0,"94":0,"95":0,"96":0,"97":0,"98":0,"99":2,"100":2,"101":2,"102":2,"103":2,"104":2,"105":2,"106":2,"107":3,"108":1},"branchMap":{"0":{"type":"branch","line":4,"loc":{"start":{"line":4,"column":4},"end":{"line":21,"column":5}},"locations":[{"start":{"line":4,"column":4},"end":{"line":21,"column":5}}]},"1":{"type":"branch","line":7,"loc":{"start":{"line":7,"column":30},"end":{"line":19,"column":15}},"locations":[{"start":{"line":7,"column":30},"end":{"line":19,"column":15}}]},"2":{"type":"branch","line":22,"loc":{"start":{"line":22,"column":4},"end":{"line":46,"column":5}},"locations":[{"start":{"line":22,"column":4},"end":{"line":46,"column":5}}]},"3":{"type":"branch","line":23,"loc":{"start":{"line":23,"column":27},"end":{"line":29,"column":9}},"locations":[{"start":{"line":23,"column":27},"end":{"line":29,"column":9}}]},"4":{"type":"branch","line":30,"loc":{"start":{"line":30,"column":-2},"end":{"line":45,"column":14}},"locations":[{"start":{"line":30,"column":-2},"end":{"line":45,"column":14}}]},"5":{"type":"branch","line":32,"loc":{"start":{"line":32,"column":28},"end":{"line":45,"column":13}},"locations":[{"start":{"line":32,"column":28},"end":{"line":45,"column":13}}]},"6":{"type":"branch","line":47,"loc":{"start":{"line":47,"column":4},"end":{"line":81,"column":1}},"locations":[{"start":{"line":47,"column":4},"end":{"line":81,"column":1}}]},"7":{"type":"branch","line":49,"loc":{"start":{"line":49,"column":30},"end":{"line":49,"column":52}},"locations":[{"start":{"line":49,"column":30},"end":{"line":49,"column":52}}]},"8":{"type":"branch","line":49,"loc":{"start":{"line":49,"column":52},"end":{"line":49,"column":74}},"locations":[{"start":{"line":49,"column":52},"end":{"line":49,"column":74}}]},"9":{"type":"branch","line":49,"loc":{"start":{"line":49,"column":74},"end":{"line":49,"column":103}},"locations":[{"start":{"line":49,"column":74},"end":{"line":49,"column":103}}]},"10":{"type":"branch","line":49,"loc":{"start":{"line":49,"column":105},"end":{"line":55,"column":13}},"locations":[{"start":{"line":49,"column":105},"end":{"line":55,"column":13}}]},"11":{"type":"branch","line":55,"loc":{"start":{"line":55,"column":12},"end":{"line":56,"column":80}},"locations":[{"start":{"line":55,"column":12},"end":{"line":56,"column":80}}]},"12":{"type":"branch","line":57,"loc":{"start":{"line":57,"column":-2},"end":{"line":57,"column":27}},"locations":[{"start":{"line":57,"column":-2},"end":{"line":57,"column":27}}]},"13":{"type":"branch","line":57,"loc":{"start":{"line":57,"column":27},"end":{"line":73,"column":16}},"locations":[{"start":{"line":57,"column":27},"end":{"line":73,"column":16}}]},"14":{"type":"branch","line":67,"loc":{"start":{"line":67,"column":-2},"end":{"line":73,"column":15}},"locations":[{"start":{"line":67,"column":-2},"end":{"line":73,"column":15}}]},"15":{"type":"branch","line":74,"loc":{"start":{"line":74,"column":10},"end":{"line":80,"column":9}},"locations":[{"start":{"line":74,"column":10},"end":{"line":80,"column":9}}]},"16":{"type":"branch","line":82,"loc":{"start":{"line":82,"column":4},"end":{"line":108,"column":1}},"locations":[{"start":{"line":82,"column":4},"end":{"line":108,"column":1}}]},"17":{"type":"branch","line":83,"loc":{"start":{"line":83,"column":26},"end":{"line":83,"column":44}},"locations":[{"start":{"line":83,"column":26},"end":{"line":83,"column":44}}]},"18":{"type":"branch","line":83,"loc":{"start":{"line":83,"column":46},"end":{"line":89,"column":9}},"locations":[{"start":{"line":83,"column":46},"end":{"line":89,"column":9}}]},"19":{"type":"branch","line":89,"loc":{"start":{"line":89,"column":8},"end":{"line":91,"column":18}},"locations":[{"start":{"line":89,"column":8},"end":{"line":91,"column":18}}]},"20":{"type":"branch","line":91,"loc":{"start":{"line":91,"column":18},"end":{"line":99,"column":13}},"locations":[{"start":{"line":91,"column":18},"end":{"line":99,"column":13}}]},"21":{"type":"branch","line":100,"loc":{"start":{"line":100,"column":-2},"end":{"line":107,"column":1}},"locations":[{"start":{"line":100,"column":-2},"end":{"line":107,"column":1}}]}},"b":{"0":[2],"1":[1],"2":[3],"3":[1],"4":[2],"5":[1],"6":[4],"7":[3],"8":[3],"9":[3],"10":[1],"11":[3],"12":[2],"13":[1],"14":[0],"15":[2],"16":[3],"17":[2],"18":[1],"19":[2],"20":[0],"21":[2]},"fnMap":{"0":{"name":"getAccounts","decl":{"start":{"line":4,"column":4},"end":{"line":21,"column":5}},"loc":{"start":{"line":4,"column":4},"end":{"line":21,"column":5}},"line":4},"1":{"name":"getAccountById","decl":{"start":{"line":22,"column":4},"end":{"line":46,"column":5}},"loc":{"start":{"line":22,"column":4},"end":{"line":46,"column":5}},"line":22},"2":{"name":"postAccount","decl":{"start":{"line":47,"column":4},"end":{"line":81,"column":1}},"loc":{"start":{"line":47,"column":4},"end":{"line":81,"column":1}},"line":47},"3":{"name":"deleteAccountById","decl":{"start":{"line":82,"column":4},"end":{"line":108,"column":1}},"loc":{"start":{"line":82,"column":4},"end":{"line":108,"column":1}},"line":82}},"f":{"0":2,"1":3,"2":4,"3":3}}
,"D:\\folder_backup_20-10-2023\\Pelatihan_Binar_Academy\\Challenge_file\\chapter_5\\basic-bank-system\\app\\controller\\api\\v2\\auth.js": {"path":"D:\\folder_backup_20-10-2023\\Pelatihan_Binar_Academy\\Challenge_file\\chapter_5\\basic-bank-system\\app\\controller\\api\\v2\\auth.js","all":false,"statementMap":{"0":{"start":{"line":1,"column":0},"end":{"line":1,"column":53}},"1":{"start":{"line":2,"column":0},"end":{"line":2,"column":48}},"2":{"start":{"line":3,"column":0},"end":{"line":3,"column":48}},"3":{"start":{"line":4,"column":0},"end":{"line":4,"column":50}},"4":{"start":{"line":5,"column":0},"end":{"line":5,"column":33}},"5":{"start":{"line":6,"column":0},"end":{"line":6,"column":0}},"6":{"start":{"line":7,"column":0},"end":{"line":7,"column":0}},"7":{"start":{"line":8,"column":0},"end":{"line":8,"column":18}},"8":{"start":{"line":9,"column":0},"end":{"line":9,"column":38}},"9":{"start":{"line":10,"column":0},"end":{"line":10,"column":95}},"10":{"start":{"line":11,"column":0},"end":{"line":11,"column":41}},"11":{"start":{"line":12,"column":0},"end":{"line":12,"column":32}},"12":{"start":{"line":13,"column":0},"end":{"line":13,"column":27}},"13":{"start":{"line":14,"column":0},"end":{"line":14,"column":66}},"14":{"start":{"line":15,"column":0},"end":{"line":15,"column":14}},"15":{"start":{"line":16,"column":0},"end":{"line":16,"column":9}},"16":{"start":{"line":17,"column":0},"end":{"line":17,"column":69}},"17":{"start":{"line":18,"column":0},"end":{"line":18,"column":24}},"18":{"start":{"line":19,"column":0},"end":{"line":19,"column":41}},"19":{"start":{"line":20,"column":0},"end":{"line":20,"column":32}},"20":{"start":{"line":21,"column":0},"end":{"line":21,"column":27}},"21":{"start":{"line":22,"column":0},"end":{"line":22,"column":47}},"22":{"start":{"line":23,"column":0},"end":{"line":23,"column":14}},"23":{"start":{"line":24,"column":0},"end":{"line":24,"column":9}},"24":{"start":{"line":25,"column":0},"end":{"line":25,"column":13}},"25":{"start":{"line":26,"column":0},"end":{"line":26,"column":76}},"26":{"start":{"line":27,"column":0},"end":{"line":27,"column":140}},"27":{"start":{"line":28,"column":0},"end":{"line":28,"column":22}},"28":{"start":{"line":29,"column":0},"end":{"line":29,"column":42}},"29":{"start":{"line":30,"column":0},"end":{"line":30,"column":35}},"30":{"start":{"line":31,"column":0},"end":{"line":31,"column":23}},"31":{"start":{"line":32,"column":0},"end":{"line":32,"column":49}},"32":{"start":{"line":33,"column":0},"end":{"line":33,"column":25}},"33":{"start":{"line":34,"column":0},"end":{"line":34,"column":9}},"34":{"start":{"line":35,"column":0},"end":{"line":35,"column":13}},"35":{"start":{"line":36,"column":0},"end":{"line":36,"column":9}},"36":{"start":{"line":37,"column":0},"end":{"line":37,"column":13}},"37":{"start":{"line":38,"column":0},"end":{"line":38,"column":34}},"38":{"start":{"line":39,"column":0},"end":{"line":39,"column":32}},"39":{"start":{"line":40,"column":0},"end":{"line":40,"column":27}},"40":{"start":{"line":41,"column":0},"end":{"line":41,"column":47}},"41":{"start":{"line":42,"column":0},"end":{"line":42,"column":15}},"42":{"start":{"line":43,"column":0},"end":{"line":43,"column":9}},"43":{"start":{"line":44,"column":0},"end":{"line":44,"column":6}},"44":{"start":{"line":45,"column":0},"end":{"line":45,"column":33}},"45":{"start":{"line":46,"column":0},"end":{"line":46,"column":0}},"46":{"start":{"line":47,"column":0},"end":{"line":47,"column":61}},"47":{"start":{"line":48,"column":0},"end":{"line":48,"column":21}},"48":{"start":{"line":49,"column":0},"end":{"line":49,"column":38}},"49":{"start":{"line":50,"column":0},"end":{"line":50,"column":13}},"50":{"start":{"line":51,"column":0},"end":{"line":51,"column":10}},"51":{"start":{"line":52,"column":0},"end":{"line":52,"column":91}},"52":{"start":{"line":53,"column":0},"end":{"line":53,"column":0}},"53":{"start":{"line":54,"column":0},"end":{"line":54,"column":23}},"54":{"start":{"line":55,"column":0},"end":{"line":55,"column":34}},"55":{"start":{"line":56,"column":0},"end":{"line":56,"column":32}},"56":{"start":{"line":57,"column":0},"end":{"line":57,"column":27}},"57":{"start":{"line":58,"column":0},"end":{"line":58,"column":39}},"58":{"start":{"line":59,"column":0},"end":{"line":59,"column":14}},"59":{"start":{"line":60,"column":0},"end":{"line":60,"column":9}},"60":{"start":{"line":61,"column":0},"end":{"line":61,"column":22}},"61":{"start":{"line":62,"column":0},"end":{"line":62,"column":39}},"62":{"start":{"line":63,"column":0},"end":{"line":63,"column":52}},"63":{"start":{"line":64,"column":0},"end":{"line":64,"column":34}},"64":{"start":{"line":65,"column":0},"end":{"line":65,"column":35}},"65":{"start":{"line":66,"column":0},"end":{"line":66,"column":27}},"66":{"start":{"line":67,"column":0},"end":{"line":67,"column":42}},"67":{"start":{"line":68,"column":0},"end":{"line":68,"column":44}},"68":{"start":{"line":69,"column":0},"end":{"line":69,"column":14}},"69":{"start":{"line":70,"column":0},"end":{"line":70,"column":9}},"70":{"start":{"line":71,"column":0},"end":{"line":71,"column":6}},"71":{"start":{"line":72,"column":0},"end":{"line":72,"column":26}},"72":{"start":{"line":73,"column":0},"end":{"line":73,"column":37}},"73":{"start":{"line":74,"column":0},"end":{"line":74,"column":31}},"74":{"start":{"line":75,"column":0},"end":{"line":75,"column":27}},"75":{"start":{"line":76,"column":0},"end":{"line":76,"column":20}},"76":{"start":{"line":77,"column":0},"end":{"line":77,"column":31}},"77":{"start":{"line":78,"column":0},"end":{"line":78,"column":13}},"78":{"start":{"line":79,"column":0},"end":{"line":79,"column":10}},"79":{"start":{"line":80,"column":0},"end":{"line":80,"column":5}},"80":{"start":{"line":81,"column":0},"end":{"line":81,"column":5}},"81":{"start":{"line":82,"column":0},"end":{"line":82,"column":37}},"82":{"start":{"line":83,"column":0},"end":{"line":83,"column":0}},"83":{"start":{"line":84,"column":0},"end":{"line":84,"column":13}},"84":{"start":{"line":85,"column":0},"end":{"line":85,"column":53}},"85":{"start":{"line":86,"column":0},"end":{"line":86,"column":58}},"86":{"start":{"line":87,"column":0},"end":{"line":87,"column":21}},"87":{"start":{"line":88,"column":0},"end":{"line":88,"column":21}},"88":{"start":{"line":89,"column":0},"end":{"line":89,"column":13}},"89":{"start":{"line":90,"column":0},"end":{"line":90,"column":14}},"90":{"start":{"line":91,"column":0},"end":{"line":91,"column":21}},"91":{"start":{"line":92,"column":0},"end":{"line":92,"column":60}},"92":{"start":{"line":93,"column":0},"end":{"line":93,"column":60}},"93":{"start":{"line":94,"column":0},"end":{"line":94,"column":13}},"94":{"start":{"line":95,"column":0},"end":{"line":95,"column":61}},"95":{"start":{"line":96,"column":0},"end":{"line":96,"column":24}},"96":{"start":{"line":97,"column":0},"end":{"line":97,"column":26}},"97":{"start":{"line":98,"column":0},"end":{"line":98,"column":38}},"98":{"start":{"line":99,"column":0},"end":{"line":99,"column":64}},"99":{"start":{"line":100,"column":0},"end":{"line":100,"column":17}},"100":{"start":{"line":101,"column":0},"end":{"line":101,"column":14}},"101":{"start":{"line":102,"column":0},"end":{"line":102,"column":60}},"102":{"start":{"line":103,"column":0},"end":{"line":103,"column":53}},"103":{"start":{"line":104,"column":0},"end":{"line":104,"column":0}},"104":{"start":{"line":105,"column":0},"end":{"line":105,"column":25}},"105":{"start":{"line":106,"column":0},"end":{"line":106,"column":23}},"106":{"start":{"line":107,"column":0},"end":{"line":107,"column":9}},"107":{"start":{"line":108,"column":0},"end":{"line":108,"column":5}},"108":{"start":{"line":109,"column":0},"end":{"line":109,"column":5}},"109":{"start":{"line":110,"column":0},"end":{"line":110,"column":45}},"110":{"start":{"line":111,"column":0},"end":{"line":111,"column":13}},"111":{"start":{"line":112,"column":0},"end":{"line":112,"column":59}},"112":{"start":{"line":113,"column":0},"end":{"line":113,"column":31}},"113":{"start":{"line":114,"column":0},"end":{"line":114,"column":14}},"114":{"start":{"line":115,"column":0},"end":{"line":115,"column":76}},"115":{"start":{"line":116,"column":0},"end":{"line":116,"column":80}},"116":{"start":{"line":117,"column":0},"end":{"line":117,"column":13}},"117":{"start":{"line":118,"column":0},"end":{"line":118,"column":35}},"118":{"start":{"line":119,"column":0},"end":{"line":119,"column":25}},"119":{"start":{"line":120,"column":0},"end":{"line":120,"column":62}},"120":{"start":{"line":121,"column":0},"end":{"line":121,"column":9}},"121":{"start":{"line":122,"column":0},"end":{"line":122,"column":6}},"122":{"start":{"line":123,"column":0},"end":{"line":123,"column":40}},"123":{"start":{"line":124,"column":0},"end":{"line":124,"column":49}},"124":{"start":{"line":125,"column":0},"end":{"line":125,"column":5}},"125":{"start":{"line":126,"column":0},"end":{"line":126,"column":1}}},"s":{"0":1,"1":1,"2":1,"3":1,"4":1,"5":1,"6":1,"7":1,"8":1,"9":3,"10":1,"11":1,"12":1,"13":1,"14":1,"15":1,"16":2,"17":3,"18":1,"19":1,"20":1,"21":1,"22":1,"23":1,"24":1,"25":1,"26":1,"27":0,"28":0,"29":0,"30":0,"31":0,"32":0,"33":0,"34":0,"35":0,"36":0,"37":0,"38":0,"39":0,"40":0,"41":0,"42":1,"43":1,"44":1,"45":2,"46":2,"47":2,"48":2,"49":2,"50":2,"51":2,"52":2,"53":2,"54":1,"55":1,"56":1,"57":1,"58":1,"59":1,"60":2,"61":1,"62":1,"63":1,"64":1,"65":1,"66":1,"67":1,"68":1,"69":1,"70":1,"71":1,"72":1,"73":1,"74":1,"75":1,"76":1,"77":1,"78":1,"79":1,"80":1,"81":1,"82":2,"83":2,"84":2,"85":2,"86":2,"87":2,"88":2,"89":2,"90":2,"91":2,"92":2,"93":2,"94":0,"95":0,"96":0,"97":0,"98":0,"99":0,"100":0,"101":0,"102":0,"103":0,"104":0,"105":0,"106":0,"107":2,"108":1,"109":1,"110":3,"111":3,"112":3,"113":3,"114":3,"115":1,"116":1,"117":1,"118":1,"119":1,"120":1,"121":1,"122":1,"123":1,"124":1,"125":1},"branchMap":{"0":{"type":"branch","line":9,"loc":{"start":{"line":9,"column":4},"end":{"line":44,"column":5}},"locations":[{"start":{"line":9,"column":4},"end":{"line":44,"column":5}}]},"1":{"type":"branch","line":10,"loc":{"start":{"line":10,"column":70},"end":{"line":10,"column":92}},"locations":[{"start":{"line":10,"column":70},"end":{"line":10,"column":92}}]},"2":{"type":"branch","line":10,"loc":{"start":{"line":10,"column":94},"end":{"line":16,"column":9}},"locations":[{"start":{"line":10,"column":94},"end":{"line":16,"column":9}}]},"3":{"type":"branch","line":16,"loc":{"start":{"line":16,"column":8},"end":{"line":18,"column":23}},"locations":[{"start":{"line":16,"column":8},"end":{"line":18,"column":23}}]},"4":{"type":"branch","line":18,"loc":{"start":{"line":18,"column":23},"end":{"line":43,"column":9}},"locations":[{"start":{"line":18,"column":23},"end":{"line":43,"column":9}}]},"5":{"type":"branch","line":28,"loc":{"start":{"line":28,"column":-2},"end":{"line":42,"column":15}},"locations":[{"start":{"line":28,"column":-2},"end":{"line":42,"column":15}}]},"6":{"type":"branch","line":45,"loc":{"start":{"line":45,"column":4},"end":{"line":71,"column":5}},"locations":[{"start":{"line":45,"column":4},"end":{"line":71,"column":5}}]},"7":{"type":"branch","line":54,"loc":{"start":{"line":54,"column":22},"end":{"line":60,"column":9}},"locations":[{"start":{"line":54,"column":22},"end":{"line":60,"column":9}}]},"8":{"type":"branch","line":61,"loc":{"start":{"line":61,"column":21},"end":{"line":70,"column":9}},"locations":[{"start":{"line":61,"column":21},"end":{"line":70,"column":9}}]},"9":{"type":"branch","line":72,"loc":{"start":{"line":72,"column":4},"end":{"line":80,"column":5}},"locations":[{"start":{"line":72,"column":4},"end":{"line":80,"column":5}}]},"10":{"type":"branch","line":82,"loc":{"start":{"line":82,"column":4},"end":{"line":108,"column":5}},"locations":[{"start":{"line":82,"column":4},"end":{"line":108,"column":5}}]},"11":{"type":"branch","line":94,"loc":{"start":{"line":94,"column":12},"end":{"line":107,"column":9}},"locations":[{"start":{"line":94,"column":12},"end":{"line":107,"column":9}}]},"12":{"type":"branch","line":110,"loc":{"start":{"line":110,"column":14},"end":{"line":122,"column":5}},"locations":[{"start":{"line":110,"column":14},"end":{"line":122,"column":5}}]},"13":{"type":"branch","line":115,"loc":{"start":{"line":115,"column":74},"end":{"line":115,"column":75}},"locations":[{"start":{"line":115,"column":74},"end":{"line":115,"column":75}}]},"14":{"type":"branch","line":115,"loc":{"start":{"line":115,"column":75},"end":{"line":121,"column":9}},"locations":[{"start":{"line":115,"column":75},"end":{"line":121,"column":9}}]},"15":{"type":"branch","line":123,"loc":{"start":{"line":123,"column":15},"end":{"line":125,"column":5}},"locations":[{"start":{"line":123,"column":15},"end":{"line":125,"column":5}}]}},"b":{"0":[3],"1":[2],"2":[1],"3":[2],"4":[1],"5":[0],"6":[2],"7":[1],"8":[1],"9":[1],"10":[2],"11":[0],"12":[3],"13":[2],"14":[1],"15":[1]},"fnMap":{"0":{"name":"registerNewAccount","decl":{"start":{"line":9,"column":4},"end":{"line":44,"column":5}},"loc":{"start":{"line":9,"column":4},"end":{"line":44,"column":5}},"line":9},"1":{"name":"loginAccount","decl":{"start":{"line":45,"column":4},"end":{"line":71,"column":5}},"loc":{"start":{"line":45,"column":4},"end":{"line":71,"column":5}},"line":45},"2":{"name":"whoami","decl":{"start":{"line":72,"column":4},"end":{"line":80,"column":5}},"loc":{"start":{"line":72,"column":4},"end":{"line":80,"column":5}},"line":72},"3":{"name":"registerForm","decl":{"start":{"line":82,"column":4},"end":{"line":108,"column":5}},"loc":{"start":{"line":82,"column":4},"end":{"line":108,"column":5}},"line":82},"4":{"name":"authUser","decl":{"start":{"line":110,"column":14},"end":{"line":122,"column":5}},"loc":{"start":{"line":110,"column":14},"end":{"line":122,"column":5}},"line":110},"5":{"name":"dashboard","decl":{"start":{"line":123,"column":15},"end":{"line":125,"column":5}},"loc":{"start":{"line":123,"column":15},"end":{"line":125,"column":5}},"line":123}},"f":{"0":3,"1":2,"2":1,"3":2,"4":3,"5":1}}
,"D:\\folder_backup_20-10-2023\\Pelatihan_Binar_Academy\\Challenge_file\\chapter_5\\basic-bank-system\\app\\controller\\api\\v2\\media.js": {"path":"D:\\folder_backup_20-10-2023\\Pelatihan_Binar_Academy\\Challenge_file\\chapter_5\\basic-bank-system\\app\\controller\\api\\v2\\media.js","all":false,"statementMap":{"0":{"start":{"line":1,"column":0},"end":{"line":1,"column":50}},"1":{"start":{"line":2,"column":0},"end":{"line":2,"column":33}},"2":{"start":{"line":3,"column":0},"end":{"line":3,"column":24}},"3":{"start":{"line":4,"column":0},"end":{"line":4,"column":35}},"4":{"start":{"line":5,"column":0},"end":{"line":5,"column":54}},"5":{"start":{"line":6,"column":0},"end":{"line":6,"column":36}},"6":{"start":{"line":7,"column":0},"end":{"line":7,"column":0}},"7":{"start":{"line":8,"column":0},"end":{"line":8,"column":18}},"8":{"start":{"line":9,"column":0},"end":{"line":9,"column":0}},"9":{"start":{"line":10,"column":0},"end":{"line":10,"column":30}},"10":{"start":{"line":11,"column":0},"end":{"line":11,"column":91}},"11":{"start":{"line":12,"column":0},"end":{"line":12,"column":0}},"12":{"start":{"line":13,"column":0},"end":{"line":13,"column":37}},"13":{"start":{"line":14,"column":0},"end":{"line":14,"column":26}},"14":{"start":{"line":15,"column":0},"end":{"line":15,"column":31}},"15":{"start":{"line":16,"column":0},"end":{"line":16,"column":19}},"16":{"start":{"line":17,"column":0},"end":{"line":17,"column":36}},"17":{"start":{"line":18,"column":0},"end":{"line":18,"column":13}},"18":{"start":{"line":19,"column":0},"end":{"line":19,"column":10}},"19":{"start":{"line":20,"column":0},"end":{"line":20,"column":6}},"20":{"start":{"line":21,"column":0},"end":{"line":21,"column":29}},"21":{"start":{"line":22,"column":0},"end":{"line":22,"column":96}},"22":{"start":{"line":23,"column":0},"end":{"line":23,"column":0}},"23":{"start":{"line":24,"column":0},"end":{"line":24,"column":37}},"24":{"start":{"line":25,"column":0},"end":{"line":25,"column":26}},"25":{"start":{"line":26,"column":0},"end":{"line":26,"column":31}},"26":{"start":{"line":27,"column":0},"end":{"line":27,"column":19}},"27":{"start":{"line":28,"column":0},"end":{"line":28,"column":34}},"28":{"start":{"line":29,"column":0},"end":{"line":29,"column":13}},"29":{"start":{"line":30,"column":0},"end":{"line":30,"column":10}},"30":{"start":{"line":31,"column":0},"end":{"line":31,"column":6}},"31":{"start":{"line":32,"column":0},"end":{"line":32,"column":30}},"32":{"start":{"line":33,"column":0},"end":{"line":33,"column":91}},"33":{"start":{"line":34,"column":0},"end":{"line":34,"column":0}},"34":{"start":{"line":35,"column":0},"end":{"line":35,"column":37}},"35":{"start":{"line":36,"column":0},"end":{"line":36,"column":26}},"36":{"start":{"line":37,"column":0},"end":{"line":37,"column":31}},"37":{"start":{"line":38,"column":0},"end":{"line":38,"column":19}},"38":{"start":{"line":39,"column":0},"end":{"line":39,"column":36}},"39":{"start":{"line":40,"column":0},"end":{"line":40,"column":13}},"40":{"start":{"line":41,"column":0},"end":{"line":41,"column":10}},"41":{"start":{"line":42,"column":0},"end":{"line":42,"column":6}},"42":{"start":{"line":43,"column":0},"end":{"line":43,"column":29}},"43":{"start":{"line":44,"column":0},"end":{"line":44,"column":89}},"44":{"start":{"line":45,"column":0},"end":{"line":45,"column":0}},"45":{"start":{"line":46,"column":0},"end":{"line":46,"column":37}},"46":{"start":{"line":47,"column":0},"end":{"line":47,"column":26}},"47":{"start":{"line":48,"column":0},"end":{"line":48,"column":31}},"48":{"start":{"line":49,"column":0},"end":{"line":49,"column":19}},"49":{"start":{"line":50,"column":0},"end":{"line":50,"column":34}},"50":{"start":{"line":51,"column":0},"end":{"line":51,"column":13}},"51":{"start":{"line":52,"column":0},"end":{"line":52,"column":10}},"52":{"start":{"line":53,"column":0},"end":{"line":53,"column":6}},"53":{"start":{"line":54,"column":0},"end":{"line":54,"column":29}},"54":{"start":{"line":55,"column":0},"end":{"line":55,"column":18}},"55":{"start":{"line":56,"column":0},"end":{"line":56,"column":76}},"56":{"start":{"line":57,"column":0},"end":{"line":57,"column":62}},"57":{"start":{"line":58,"column":0},"end":{"line":58,"column":82}},"58":{"start":{"line":59,"column":0},"end":{"line":59,"column":14}},"59":{"start":{"line":60,"column":0},"end":{"line":60,"column":87}},"60":{"start":{"line":61,"column":0},"end":{"line":61,"column":9}},"61":{"start":{"line":62,"column":0},"end":{"line":62,"column":0}},"62":{"start":{"line":63,"column":0},"end":{"line":63,"column":0}},"63":{"start":{"line":64,"column":0},"end":{"line":64,"column":31}},"64":{"start":{"line":65,"column":0},"end":{"line":65,"column":55}},"65":{"start":{"line":66,"column":0},"end":{"line":66,"column":53}},"66":{"start":{"line":67,"column":0},"end":{"line":67,"column":42}},"67":{"start":{"line":68,"column":0},"end":{"line":68,"column":69}},"68":{"start":{"line":69,"column":0},"end":{"line":69,"column":63}},"69":{"start":{"line":70,"column":0},"end":{"line":70,"column":9}},"70":{"start":{"line":71,"column":0},"end":{"line":71,"column":0}},"71":{"start":{"line":72,"column":0},"end":{"line":72,"column":108}},"72":{"start":{"line":73,"column":0},"end":{"line":73,"column":115}},"73":{"start":{"line":74,"column":0},"end":{"line":74,"column":30}},"74":{"start":{"line":75,"column":0},"end":{"line":75,"column":30}},"75":{"start":{"line":76,"column":0},"end":{"line":76,"column":51}},"76":{"start":{"line":77,"column":0},"end":{"line":77,"column":25}},"77":{"start":{"line":78,"column":0},"end":{"line":78,"column":10}},"78":{"start":{"line":79,"column":0},"end":{"line":79,"column":6}},"79":{"start":{"line":80,"column":0},"end":{"line":80,"column":39}},"80":{"start":{"line":81,"column":0},"end":{"line":81,"column":13}},"81":{"start":{"line":82,"column":0},"end":{"line":82,"column":65}},"82":{"start":{"line":83,"column":0},"end":{"line":83,"column":54}},"83":{"start":{"line":84,"column":0},"end":{"line":84,"column":48}},"84":{"start":{"line":85,"column":0},"end":{"line":85,"column":33}},"85":{"start":{"line":86,"column":0},"end":{"line":86,"column":14}},"86":{"start":{"line":87,"column":0},"end":{"line":87,"column":29}},"87":{"start":{"line":88,"column":0},"end":{"line":88,"column":30}},"88":{"start":{"line":89,"column":0},"end":{"line":89,"column":43}},"89":{"start":{"line":90,"column":0},"end":{"line":90,"column":24}},"90":{"start":{"line":91,"column":0},"end":{"line":91,"column":43}},"91":{"start":{"line":92,"column":0},"end":{"line":92,"column":41}},"92":{"start":{"line":93,"column":0},"end":{"line":93,"column":46}},"93":{"start":{"line":94,"column":0},"end":{"line":94,"column":17}},"94":{"start":{"line":95,"column":0},"end":{"line":95,"column":14}},"95":{"start":{"line":96,"column":0},"end":{"line":96,"column":25}},"96":{"start":{"line":97,"column":0},"end":{"line":97,"column":23}},"97":{"start":{"line":98,"column":0},"end":{"line":98,"column":9}},"98":{"start":{"line":99,"column":0},"end":{"line":99,"column":6}},"99":{"start":{"line":100,"column":0},"end":{"line":100,"column":43}},"100":{"start":{"line":101,"column":0},"end":{"line":101,"column":13}},"101":{"start":{"line":102,"column":0},"end":{"line":102,"column":22}},"102":{"start":{"line":103,"column":0},"end":{"line":103,"column":76}},"103":{"start":{"line":104,"column":0},"end":{"line":104,"column":62}},"104":{"start":{"line":105,"column":0},"end":{"line":105,"column":82}},"105":{"start":{"line":106,"column":0},"end":{"line":106,"column":14}},"106":{"start":{"line":107,"column":0},"end":{"line":107,"column":87}},"107":{"start":{"line":108,"column":0},"end":{"line":108,"column":9}},"108":{"start":{"line":109,"column":0},"end":{"line":109,"column":31}},"109":{"start":{"line":110,"column":0},"end":{"line":110,"column":55}},"110":{"start":{"line":111,"column":0},"end":{"line":111,"column":53}},"111":{"start":{"line":112,"column":0},"end":{"line":112,"column":42}},"112":{"start":{"line":113,"column":0},"end":{"line":113,"column":37}},"113":{"start":{"line":114,"column":0},"end":{"line":114,"column":44}},"114":{"start":{"line":115,"column":0},"end":{"line":115,"column":34}},"115":{"start":{"line":116,"column":0},"end":{"line":116,"column":10}},"116":{"start":{"line":117,"column":0},"end":{"line":117,"column":50}},"117":{"start":{"line":118,"column":0},"end":{"line":118,"column":49}},"118":{"start":{"line":119,"column":0},"end":{"line":119,"column":26}},"119":{"start":{"line":120,"column":0},"end":{"line":120,"column":41}},"120":{"start":{"line":121,"column":0},"end":{"line":121,"column":10}},"121":{"start":{"line":122,"column":0},"end":{"line":122,"column":37}},"122":{"start":{"line":123,"column":0},"end":{"line":123,"column":26}},"123":{"start":{"line":124,"column":0},"end":{"line":124,"column":23}},"124":{"start":{"line":125,"column":0},"end":{"line":125,"column":49}},"125":{"start":{"line":126,"column":0},"end":{"line":126,"column":20}},"126":{"start":{"line":127,"column":0},"end":{"line":127,"column":42}},"127":{"start":{"line":128,"column":0},"end":{"line":128,"column":41}},"128":{"start":{"line":129,"column":0},"end":{"line":129,"column":42}},"129":{"start":{"line":130,"column":0},"end":{"line":130,"column":13}},"130":{"start":{"line":131,"column":0},"end":{"line":131,"column":10}},"131":{"start":{"line":132,"column":0},"end":{"line":132,"column":25}},"132":{"start":{"line":133,"column":0},"end":{"line":133,"column":23}},"133":{"start":{"line":134,"column":0},"end":{"line":134,"column":9}},"134":{"start":{"line":135,"column":0},"end":{"line":135,"column":0}},"135":{"start":{"line":136,"column":0},"end":{"line":136,"column":0}},"136":{"start":{"line":137,"column":0},"end":{"line":137,"column":5}},"137":{"start":{"line":138,"column":0},"end":{"line":138,"column":1}}},"s":{"0":1,"1":1,"2":1,"3":1,"4":1,"5":1,"6":1,"7":1,"8":1,"9":1,"10":0,"11":0,"12":0,"13":0,"14":0,"15":0,"16":0,"17":0,"18":0,"19":1,"20":1,"21":0,"22":0,"23":0,"24":0,"25":0,"26":0,"27":0,"28":0,"29":0,"30":1,"31":1,"32":0,"33":0,"34":0,"35":0,"36":0,"37":0,"38":0,"39":0,"40":0,"41":1,"42":1,"43":0,"44":0,"45":0,"46":0,"47":0,"48":0,"49":0,"50":0,"51":0,"52":1,"53":1,"54":0,"55":0,"56":0,"57":0,"58":0,"59":0,"60":0,"61":0,"62":0,"63":0,"64":0,"65":0,"66":0,"67":0,"68":0,"69":0,"70":0,"71":0,"72":0,"73":0,"74":0,"75":0,"76":0,"77":0,"78":1,"79":1,"80":0,"81":0,"82":0,"83":0,"84":0,"85":0,"86":0,"87":0,"88":0,"89":0,"90":0,"91":0,"92":0,"93":0,"94":0,"95":0,"96":0,"97":0,"98":1,"99":1,"100":0,"101":0,"102":0,"103":0,"104":0,"105":0,"106":0,"107":0,"108":0,"109":0,"110":0,"111":0,"112":0,"113":0,"114":0,"115":0,"116":0,"117":0,"118":0,"119":0,"120":0,"121":0,"122":0,"123":0,"124":0,"125":0,"126":0,"127":0,"128":0,"129":0,"130":0,"131":0,"132":0,"133":0,"134":0,"135":0,"136":0,"137":1},"branchMap":{},"b":{},"fnMap":{"0":{"name":"uploadImage","decl":{"start":{"line":10,"column":17},"end":{"line":20,"column":5}},"loc":{"start":{"line":10,"column":17},"end":{"line":20,"column":5}},"line":10},"1":{"name":"uploadFile","decl":{"start":{"line":21,"column":16},"end":{"line":31,"column":5}},"loc":{"start":{"line":21,"column":16},"end":{"line":31,"column":5}},"line":21},"2":{"name":"uploadVideo","decl":{"start":{"line":32,"column":17},"end":{"line":42,"column":5}},"loc":{"start":{"line":32,"column":17},"end":{"line":42,"column":5}},"line":32},"3":{"name":"uploadText","decl":{"start":{"line":43,"column":16},"end":{"line":53,"column":5}},"loc":{"start":{"line":43,"column":16},"end":{"line":53,"column":5}},"line":43},"4":{"name":"qrGenerate","decl":{"start":{"line":54,"column":17},"end":{"line":79,"column":5}},"loc":{"start":{"line":54,"column":17},"end":{"line":79,"column":5}},"line":54},"5":{"name":"imagekitUpload","decl":{"start":{"line":80,"column":21},"end":{"line":99,"column":5}},"loc":{"start":{"line":80,"column":21},"end":{"line":99,"column":5}},"line":80},"6":{"name":"qrGenerateToUpload","decl":{"start":{"line":100,"column":25},"end":{"line":137,"column":5}},"loc":{"start":{"line":100,"column":25},"end":{"line":137,"column":5}},"line":100}},"f":{"0":0,"1":0,"2":0,"3":0,"4":0,"5":0,"6":0}}
,"D:\\folder_backup_20-10-2023\\Pelatihan_Binar_Academy\\Challenge_file\\chapter_5\\basic-bank-system\\app\\controller\\api\\v2\\transactions.js": {"path":"D:\\folder_backup_20-10-2023\\Pelatihan_Binar_Academy\\Challenge_file\\chapter_5\\basic-bank-system\\app\\controller\\api\\v2\\transactions.js","all":false,"statementMap":{"0":{"start":{"line":1,"column":0},"end":{"line":1,"column":57}},"1":{"start":{"line":2,"column":0},"end":{"line":2,"column":0}},"2":{"start":{"line":3,"column":0},"end":{"line":3,"column":18}},"3":{"start":{"line":4,"column":0},"end":{"line":4,"column":32}},"4":{"start":{"line":5,"column":0},"end":{"line":5,"column":13}},"5":{"start":{"line":6,"column":0},"end":{"line":6,"column":44}},"6":{"start":{"line":7,"column":0},"end":{"line":7,"column":0}},"7":{"start":{"line":8,"column":0},"end":{"line":8,"column":61}},"8":{"start":{"line":9,"column":0},"end":{"line":9,"column":54}},"9":{"start":{"line":10,"column":0},"end":{"line":10,"column":54}},"10":{"start":{"line":11,"column":0},"end":{"line":11,"column":41}},"11":{"start":{"line":12,"column":0},"end":{"line":12,"column":32}},"12":{"start":{"line":13,"column":0},"end":{"line":13,"column":27}},"13":{"start":{"line":14,"column":0},"end":{"line":14,"column":80}},"14":{"start":{"line":15,"column":0},"end":{"line":15,"column":14}},"15":{"start":{"line":16,"column":0},"end":{"line":16,"column":9}},"16":{"start":{"line":17,"column":0},"end":{"line":17,"column":76}},"17":{"start":{"line":18,"column":0},"end":{"line":18,"column":88}},"18":{"start":{"line":19,"column":0},"end":{"line":19,"column":46}},"19":{"start":{"line":20,"column":0},"end":{"line":20,"column":114}},"20":{"start":{"line":21,"column":0},"end":{"line":21,"column":23}},"21":{"start":{"line":22,"column":0},"end":{"line":22,"column":45}},"22":{"start":{"line":23,"column":0},"end":{"line":23,"column":39}},"23":{"start":{"line":24,"column":0},"end":{"line":24,"column":31}},"24":{"start":{"line":25,"column":0},"end":{"line":25,"column":53}},"25":{"start":{"line":26,"column":0},"end":{"line":26,"column":33}},"26":{"start":{"line":27,"column":0},"end":{"line":27,"column":18}},"27":{"start":{"line":28,"column":0},"end":{"line":28,"column":13}},"28":{"start":{"line":29,"column":0},"end":{"line":29,"column":9}},"29":{"start":{"line":30,"column":0},"end":{"line":30,"column":13}},"30":{"start":{"line":31,"column":0},"end":{"line":31,"column":34}},"31":{"start":{"line":32,"column":0},"end":{"line":32,"column":32}},"32":{"start":{"line":33,"column":0},"end":{"line":33,"column":27}},"33":{"start":{"line":34,"column":0},"end":{"line":34,"column":50}},"34":{"start":{"line":35,"column":0},"end":{"line":35,"column":14}},"35":{"start":{"line":36,"column":0},"end":{"line":36,"column":9}},"36":{"start":{"line":37,"column":0},"end":{"line":37,"column":21}},"37":{"start":{"line":38,"column":0},"end":{"line":38,"column":30}},"38":{"start":{"line":39,"column":0},"end":{"line":39,"column":28}},"39":{"start":{"line":40,"column":0},"end":{"line":40,"column":23}},"40":{"start":{"line":41,"column":0},"end":{"line":41,"column":45}},"41":{"start":{"line":42,"column":0},"end":{"line":42,"column":10}},"42":{"start":{"line":43,"column":0},"end":{"line":43,"column":5}},"43":{"start":{"line":44,"column":0},"end":{"line":44,"column":2}},"44":{"start":{"line":45,"column":0},"end":{"line":45,"column":28}},"45":{"start":{"line":46,"column":0},"end":{"line":46,"column":9}},"46":{"start":{"line":47,"column":0},"end":{"line":47,"column":56}},"47":{"start":{"line":48,"column":0},"end":{"line":48,"column":33}},"48":{"start":{"line":49,"column":0},"end":{"line":49,"column":63}},"49":{"start":{"line":50,"column":0},"end":{"line":50,"column":37}},"50":{"start":{"line":51,"column":0},"end":{"line":51,"column":28}},"51":{"start":{"line":52,"column":0},"end":{"line":52,"column":23}},"52":{"start":{"line":53,"column":0},"end":{"line":53,"column":36}},"53":{"start":{"line":54,"column":0},"end":{"line":54,"column":10}},"54":{"start":{"line":55,"column":0},"end":{"line":55,"column":5}},"55":{"start":{"line":56,"column":0},"end":{"line":56,"column":71}},"56":{"start":{"line":57,"column":0},"end":{"line":57,"column":21}},"57":{"start":{"line":58,"column":0},"end":{"line":58,"column":37}},"58":{"start":{"line":59,"column":0},"end":{"line":59,"column":28}},"59":{"start":{"line":60,"column":0},"end":{"line":60,"column":23}},"60":{"start":{"line":61,"column":0},"end":{"line":61,"column":46}},"61":{"start":{"line":62,"column":0},"end":{"line":62,"column":10}},"62":{"start":{"line":63,"column":0},"end":{"line":63,"column":5}},"63":{"start":{"line":64,"column":0},"end":{"line":64,"column":73}},"64":{"start":{"line":65,"column":0},"end":{"line":65,"column":37}},"65":{"start":{"line":66,"column":0},"end":{"line":66,"column":31}},"66":{"start":{"line":67,"column":0},"end":{"line":67,"column":23}},"67":{"start":{"line":68,"column":0},"end":{"line":68,"column":45}},"68":{"start":{"line":69,"column":0},"end":{"line":69,"column":25}},"69":{"start":{"line":70,"column":0},"end":{"line":70,"column":10}},"70":{"start":{"line":71,"column":0},"end":{"line":71,"column":0}},"71":{"start":{"line":72,"column":0},"end":{"line":72,"column":17}},"72":{"start":{"line":73,"column":0},"end":{"line":73,"column":26}},"73":{"start":{"line":74,"column":0},"end":{"line":74,"column":24}},"74":{"start":{"line":75,"column":0},"end":{"line":75,"column":19}},"75":{"start":{"line":76,"column":0},"end":{"line":76,"column":41}},"76":{"start":{"line":77,"column":0},"end":{"line":77,"column":6}},"77":{"start":{"line":78,"column":0},"end":{"line":78,"column":1}},"78":{"start":{"line":79,"column":0},"end":{"line":79,"column":2}},"79":{"start":{"line":80,"column":0},"end":{"line":80,"column":27}},"80":{"start":{"line":81,"column":0},"end":{"line":81,"column":9}},"81":{"start":{"line":82,"column":0},"end":{"line":82,"column":43}},"82":{"start":{"line":83,"column":0},"end":{"line":83,"column":33}},"83":{"start":{"line":84,"column":0},"end":{"line":84,"column":63}},"84":{"start":{"line":85,"column":0},"end":{"line":85,"column":37}},"85":{"start":{"line":86,"column":0},"end":{"line":86,"column":28}},"86":{"start":{"line":87,"column":0},"end":{"line":87,"column":23}},"87":{"start":{"line":88,"column":0},"end":{"line":88,"column":36}},"88":{"start":{"line":89,"column":0},"end":{"line":89,"column":10}},"89":{"start":{"line":90,"column":0},"end":{"line":90,"column":5}},"90":{"start":{"line":91,"column":0},"end":{"line":91,"column":82}},"91":{"start":{"line":92,"column":0},"end":{"line":92,"column":21}},"92":{"start":{"line":93,"column":0},"end":{"line":93,"column":37}},"93":{"start":{"line":94,"column":0},"end":{"line":94,"column":28}},"94":{"start":{"line":95,"column":0},"end":{"line":95,"column":23}},"95":{"start":{"line":96,"column":0},"end":{"line":96,"column":46}},"96":{"start":{"line":97,"column":0},"end":{"line":97,"column":10}},"97":{"start":{"line":98,"column":0},"end":{"line":98,"column":5}},"98":{"start":{"line":99,"column":0},"end":{"line":99,"column":92}},"99":{"start":{"line":100,"column":0},"end":{"line":100,"column":37}},"100":{"start":{"line":101,"column":0},"end":{"line":101,"column":31}},"101":{"start":{"line":102,"column":0},"end":{"line":102,"column":23}},"102":{"start":{"line":103,"column":0},"end":{"line":103,"column":45}},"103":{"start":{"line":104,"column":0},"end":{"line":104,"column":25}},"104":{"start":{"line":105,"column":0},"end":{"line":105,"column":10}},"105":{"start":{"line":106,"column":0},"end":{"line":106,"column":0}},"106":{"start":{"line":107,"column":0},"end":{"line":107,"column":17}},"107":{"start":{"line":108,"column":0},"end":{"line":108,"column":26}},"108":{"start":{"line":109,"column":0},"end":{"line":109,"column":24}},"109":{"start":{"line":110,"column":0},"end":{"line":110,"column":19}},"110":{"start":{"line":111,"column":0},"end":{"line":111,"column":41}},"111":{"start":{"line":112,"column":0},"end":{"line":112,"column":6}},"112":{"start":{"line":113,"column":0},"end":{"line":113,"column":1}},"113":{"start":{"line":114,"column":0},"end":{"line":114,"column":1}},"114":{"start":{"line":115,"column":0},"end":{"line":115,"column":5}},"115":{"start":{"line":116,"column":0},"end":{"line":116,"column":35}},"116":{"start":{"line":117,"column":0},"end":{"line":117,"column":22}},"117":{"start":{"line":118,"column":0},"end":{"line":118,"column":134}},"118":{"start":{"line":119,"column":0},"end":{"line":119,"column":31}},"119":{"start":{"line":120,"column":0},"end":{"line":120,"column":38}},"120":{"start":{"line":121,"column":0},"end":{"line":121,"column":39}},"121":{"start":{"line":122,"column":0},"end":{"line":122,"column":31}},"122":{"start":{"line":123,"column":0},"end":{"line":123,"column":42}},"123":{"start":{"line":124,"column":0},"end":{"line":124,"column":18}},"124":{"start":{"line":125,"column":0},"end":{"line":125,"column":13}},"125":{"start":{"line":126,"column":0},"end":{"line":126,"column":17}},"126":{"start":{"line":127,"column":0},"end":{"line":127,"column":38}},"127":{"start":{"line":128,"column":0},"end":{"line":128,"column":35}},"128":{"start":{"line":129,"column":0},"end":{"line":129,"column":27}},"129":{"start":{"line":130,"column":0},"end":{"line":130,"column":49}},"130":{"start":{"line":131,"column":0},"end":{"line":131,"column":29}},"131":{"start":{"line":132,"column":0},"end":{"line":132,"column":14}},"132":{"start":{"line":133,"column":0},"end":{"line":133,"column":13}},"133":{"start":{"line":134,"column":0},"end":{"line":134,"column":9}},"134":{"start":{"line":135,"column":0},"end":{"line":135,"column":6}},"135":{"start":{"line":136,"column":0},"end":{"line":136,"column":46}},"136":{"start":{"line":137,"column":0},"end":{"line":137,"column":41}},"137":{"start":{"line":138,"column":0},"end":{"line":138,"column":41}},"138":{"start":{"line":139,"column":0},"end":{"line":139,"column":31}},"139":{"start":{"line":140,"column":0},"end":{"line":140,"column":26}},"140":{"start":{"line":141,"column":0},"end":{"line":141,"column":75}},"141":{"start":{"line":142,"column":0},"end":{"line":142,"column":14}},"142":{"start":{"line":143,"column":0},"end":{"line":143,"column":9}},"143":{"start":{"line":144,"column":0},"end":{"line":144,"column":13}},"144":{"start":{"line":145,"column":0},"end":{"line":145,"column":132}},"145":{"start":{"line":146,"column":0},"end":{"line":146,"column":37}},"146":{"start":{"line":147,"column":0},"end":{"line":147,"column":38}},"147":{"start":{"line":148,"column":0},"end":{"line":148,"column":38}},"148":{"start":{"line":149,"column":0},"end":{"line":149,"column":30}},"149":{"start":{"line":150,"column":0},"end":{"line":150,"column":56}},"150":{"start":{"line":151,"column":0},"end":{"line":151,"column":19}},"151":{"start":{"line":152,"column":0},"end":{"line":152,"column":17}},"152":{"start":{"line":153,"column":0},"end":{"line":153,"column":38}},"153":{"start":{"line":154,"column":0},"end":{"line":154,"column":38}},"154":{"start":{"line":155,"column":0},"end":{"line":155,"column":30}},"155":{"start":{"line":156,"column":0},"end":{"line":156,"column":60}},"156":{"start":{"line":157,"column":0},"end":{"line":157,"column":38}},"157":{"start":{"line":158,"column":0},"end":{"line":158,"column":18}},"158":{"start":{"line":159,"column":0},"end":{"line":159,"column":14}},"159":{"start":{"line":160,"column":0},"end":{"line":160,"column":6}},"160":{"start":{"line":161,"column":0},"end":{"line":161,"column":42}},"161":{"start":{"line":162,"column":0},"end":{"line":162,"column":28}},"162":{"start":{"line":163,"column":0},"end":{"line":163,"column":41}},"163":{"start":{"line":164,"column":0},"end":{"line":164,"column":32}},"164":{"start":{"line":165,"column":0},"end":{"line":165,"column":27}},"165":{"start":{"line":166,"column":0},"end":{"line":166,"column":58}},"166":{"start":{"line":167,"column":0},"end":{"line":167,"column":14}},"167":{"start":{"line":168,"column":0},"end":{"line":168,"column":9}},"168":{"start":{"line":169,"column":0},"end":{"line":169,"column":0}},"169":{"start":{"line":170,"column":0},"end":{"line":170,"column":73}},"170":{"start":{"line":171,"column":0},"end":{"line":171,"column":26}},"171":{"start":{"line":172,"column":0},"end":{"line":172,"column":72}},"172":{"start":{"line":173,"column":0},"end":{"line":173,"column":30}},"173":{"start":{"line":174,"column":0},"end":{"line":174,"column":31}},"174":{"start":{"line":175,"column":0},"end":{"line":175,"column":23}},"175":{"start":{"line":176,"column":0},"end":{"line":176,"column":53}},"176":{"start":{"line":177,"column":0},"end":{"line":177,"column":25}},"177":{"start":{"line":178,"column":0},"end":{"line":178,"column":10}},"178":{"start":{"line":179,"column":0},"end":{"line":179,"column":9}},"179":{"start":{"line":180,"column":0},"end":{"line":180,"column":13}},"180":{"start":{"line":181,"column":0},"end":{"line":181,"column":34}},"181":{"start":{"line":182,"column":0},"end":{"line":182,"column":32}},"182":{"start":{"line":183,"column":0},"end":{"line":183,"column":27}},"183":{"start":{"line":184,"column":0},"end":{"line":184,"column":42}},"184":{"start":{"line":185,"column":0},"end":{"line":185,"column":22}},"185":{"start":{"line":186,"column":0},"end":{"line":186,"column":9}},"186":{"start":{"line":187,"column":0},"end":{"line":187,"column":0}},"187":{"start":{"line":188,"column":0},"end":{"line":188,"column":0}},"188":{"start":{"line":189,"column":0},"end":{"line":189,"column":5}},"189":{"start":{"line":190,"column":0},"end":{"line":190,"column":0}},"190":{"start":{"line":191,"column":0},"end":{"line":191,"column":1}}},"s":{"0":1,"1":1,"2":1,"3":1,"4":4,"5":4,"6":4,"7":4,"8":4,"9":4,"10":1,"11":1,"12":1,"13":1,"14":1,"15":1,"16":2,"17":2,"18":4,"19":1,"20":1,"21":1,"22":1,"23":1,"24":1,"25":1,"26":1,"27":1,"28":1,"29":1,"30":1,"31":1,"32":1,"33":1,"34":1,"35":1,"36":4,"37":1,"38":1,"39":1,"40":1,"41":1,"42":1,"43":1,"44":4,"45":4,"46":4,"47":4,"48":4,"49":1,"50":1,"51":1,"52":1,"53":1,"54":1,"55":3,"56":4,"57":1,"58":1,"59":1,"60":1,"61":1,"62":1,"63":2,"64":1,"65":1,"66":1,"67":1,"68":1,"69":1,"70":1,"71":1,"72":1,"73":1,"74":1,"75":1,"76":1,"77":1,"78":1,"79":4,"80":4,"81":4,"82":4,"83":4,"84":1,"85":1,"86":1,"87":1,"88":1,"89":1,"90":3,"91":4,"92":1,"93":1,"94":1,"95":1,"96":1,"97":1,"98":2,"99":1,"100":1,"101":1,"102":1,"103":1,"104":1,"105":1,"106":1,"107":1,"108":1,"109":1,"110":1,"111":1,"112":1,"113":4,"114":1,"115":1,"116":2,"117":2,"118":2,"119":1,"120":1,"121":1,"122":1,"123":1,"124":1,"125":1,"126":1,"127":1,"128":1,"129":1,"130":1,"131":1,"132":1,"133":2,"134":1,"135":1,"136":3,"137":1,"138":1,"139":1,"140":1,"141":1,"142":1,"143":2,"144":2,"145":2,"146":1,"147":1,"148":1,"149":1,"150":1,"151":1,"152":1,"153":1,"154":1,"155":1,"156":1,"157":1,"158":2,"159":1,"160":1,"161":3,"162":1,"163":1,"164":1,"165":1,"166":1,"167":1,"168":2,"169":2,"170":3,"171":0,"172":0,"173":0,"174":0,"175":0,"176":0,"177":0,"178":0,"179":2,"180":2,"181":2,"182":2,"183":2,"184":2,"185":2,"186":3,"187":3,"188":3,"189":1,"190":1},"branchMap":{"0":{"type":"branch","line":4,"loc":{"start":{"line":4,"column":4},"end":{"line":44,"column":1}},"locations":[{"start":{"line":4,"column":4},"end":{"line":44,"column":1}}]},"1":{"type":"branch","line":8,"loc":{"start":{"line":8,"column":58},"end":{"line":9,"column":32}},"locations":[{"start":{"line":8,"column":58},"end":{"line":9,"column":32}}]},"2":{"type":"branch","line":9,"loc":{"start":{"line":9,"column":32},"end":{"line":9,"column":51}},"locations":[{"start":{"line":9,"column":32},"end":{"line":9,"column":51}}]},"3":{"type":"branch","line":9,"loc":{"start":{"line":9,"column":51},"end":{"line":10,"column":25}},"locations":[{"start":{"line":9,"column":51},"end":{"line":10,"column":25}}]},"4":{"type":"branch","line":10,"loc":{"start":{"line":10,"column":25},"end":{"line":10,"column":52}},"locations":[{"start":{"line":10,"column":25},"end":{"line":10,"column":52}}]},"5":{"type":"branch","line":10,"loc":{"start":{"line":10,"column":53},"end":{"line":16,"column":9}},"locations":[{"start":{"line":10,"column":53},"end":{"line":16,"column":9}}]},"6":{"type":"branch","line":16,"loc":{"start":{"line":16,"column":8},"end":{"line":19,"column":31}},"locations":[{"start":{"line":16,"column":8},"end":{"line":19,"column":31}}]},"7":{"type":"branch","line":19,"loc":{"start":{"line":19,"column":27},"end":{"line":19,"column":44}},"locations":[{"start":{"line":19,"column":27},"end":{"line":19,"column":44}}]},"8":{"type":"branch","line":19,"loc":{"start":{"line":19,"column":45},"end":{"line":36,"column":9}},"locations":[{"start":{"line":19,"column":45},"end":{"line":36,"column":9}}]},"9":{"type":"branch","line":37,"loc":{"start":{"line":37,"column":6},"end":{"line":43,"column":5}},"locations":[{"start":{"line":37,"column":6},"end":{"line":43,"column":5}}]},"10":{"type":"branch","line":45,"loc":{"start":{"line":45,"column":0},"end":{"line":79,"column":1}},"locations":[{"start":{"line":45,"column":0},"end":{"line":79,"column":1}}]},"11":{"type":"branch","line":49,"loc":{"start":{"line":49,"column":62},"end":{"line":55,"column":5}},"locations":[{"start":{"line":49,"column":62},"end":{"line":55,"column":5}}]},"12":{"type":"branch","line":55,"loc":{"start":{"line":55,"column":4},"end":{"line":57,"column":20}},"locations":[{"start":{"line":55,"column":4},"end":{"line":57,"column":20}}]},"13":{"type":"branch","line":57,"loc":{"start":{"line":57,"column":20},"end":{"line":63,"column":5}},"locations":[{"start":{"line":57,"column":20},"end":{"line":63,"column":5}}]},"14":{"type":"branch","line":63,"loc":{"start":{"line":63,"column":4},"end":{"line":64,"column":73}},"locations":[{"start":{"line":63,"column":4},"end":{"line":64,"column":73}}]},"15":{"type":"branch","line":65,"loc":{"start":{"line":65,"column":-2},"end":{"line":78,"column":1}},"locations":[{"start":{"line":65,"column":-2},"end":{"line":78,"column":1}}]},"16":{"type":"branch","line":80,"loc":{"start":{"line":80,"column":0},"end":{"line":114,"column":1}},"locations":[{"start":{"line":80,"column":0},"end":{"line":114,"column":1}}]},"17":{"type":"branch","line":84,"loc":{"start":{"line":84,"column":62},"end":{"line":90,"column":5}},"locations":[{"start":{"line":84,"column":62},"end":{"line":90,"column":5}}]},"18":{"type":"branch","line":90,"loc":{"start":{"line":90,"column":4},"end":{"line":92,"column":20}},"locations":[{"start":{"line":90,"column":4},"end":{"line":92,"column":20}}]},"19":{"type":"branch","line":92,"loc":{"start":{"line":92,"column":20},"end":{"line":98,"column":5}},"locations":[{"start":{"line":92,"column":20},"end":{"line":98,"column":5}}]},"20":{"type":"branch","line":98,"loc":{"start":{"line":98,"column":4},"end":{"line":99,"column":92}},"locations":[{"start":{"line":98,"column":4},"end":{"line":99,"column":92}}]},"21":{"type":"branch","line":100,"loc":{"start":{"line":100,"column":-2},"end":{"line":113,"column":1}},"locations":[{"start":{"line":100,"column":-2},"end":{"line":113,"column":1}}]},"22":{"type":"branch","line":116,"loc":{"start":{"line":116,"column":4},"end":{"line":135,"column":5}},"locations":[{"start":{"line":116,"column":4},"end":{"line":135,"column":5}}]},"23":{"type":"branch","line":119,"loc":{"start":{"line":119,"column":30},"end":{"line":133,"column":13}},"locations":[{"start":{"line":119,"column":30},"end":{"line":133,"column":13}}]},"24":{"type":"branch","line":136,"loc":{"start":{"line":136,"column":4},"end":{"line":160,"column":5}},"locations":[{"start":{"line":136,"column":4},"end":{"line":160,"column":5}}]},"25":{"type":"branch","line":137,"loc":{"start":{"line":137,"column":40},"end":{"line":143,"column":9}},"locations":[{"start":{"line":137,"column":40},"end":{"line":143,"column":9}}]},"26":{"type":"branch","line":144,"loc":{"start":{"line":144,"column":-2},"end":{"line":159,"column":14}},"locations":[{"start":{"line":144,"column":-2},"end":{"line":159,"column":14}}]},"27":{"type":"branch","line":146,"loc":{"start":{"line":146,"column":36},"end":{"line":159,"column":13}},"locations":[{"start":{"line":146,"column":36},"end":{"line":159,"column":13}}]},"28":{"type":"branch","line":161,"loc":{"start":{"line":161,"column":4},"end":{"line":189,"column":5}},"locations":[{"start":{"line":161,"column":4},"end":{"line":189,"column":5}}]},"29":{"type":"branch","line":162,"loc":{"start":{"line":162,"column":27},"end":{"line":168,"column":9}},"locations":[{"start":{"line":162,"column":27},"end":{"line":168,"column":9}}]},"30":{"type":"branch","line":168,"loc":{"start":{"line":168,"column":8},"end":{"line":171,"column":25}},"locations":[{"start":{"line":168,"column":8},"end":{"line":171,"column":25}}]},"31":{"type":"branch","line":171,"loc":{"start":{"line":171,"column":25},"end":{"line":179,"column":9}},"locations":[{"start":{"line":171,"column":25},"end":{"line":179,"column":9}}]},"32":{"type":"branch","line":180,"loc":{"start":{"line":180,"column":-2},"end":{"line":186,"column":9}},"locations":[{"start":{"line":180,"column":-2},"end":{"line":186,"column":9}}]}},"b":{"0":[4],"1":[2],"2":[2],"3":[2],"4":[2],"5":[1],"6":[2],"7":[1],"8":[1],"9":[1],"10":[4],"11":[1],"12":[3],"13":[1],"14":[2],"15":[1],"16":[4],"17":[1],"18":[3],"19":[1],"20":[2],"21":[1],"22":[2],"23":[1],"24":[3],"25":[1],"26":[2],"27":[1],"28":[3],"29":[1],"30":[2],"31":[0],"32":[2]},"fnMap":{"0":{"name":"postTransfer","decl":{"start":{"line":4,"column":4},"end":{"line":44,"column":1}},"loc":{"start":{"line":4,"column":4},"end":{"line":44,"column":1}},"line":4},"1":{"name":"postWithdraw","decl":{"start":{"line":45,"column":0},"end":{"line":79,"column":1}},"loc":{"start":{"line":45,"column":0},"end":{"line":79,"column":1}},"line":45},"2":{"name":"postDeposit","decl":{"start":{"line":80,"column":0},"end":{"line":114,"column":1}},"loc":{"start":{"line":80,"column":0},"end":{"line":114,"column":1}},"line":80},"3":{"name":"getTransactions","decl":{"start":{"line":116,"column":4},"end":{"line":135,"column":5}},"loc":{"start":{"line":116,"column":4},"end":{"line":135,"column":5}},"line":116},"4":{"name":"getTransactionByAccountId","decl":{"start":{"line":136,"column":4},"end":{"line":160,"column":5}},"loc":{"start":{"line":136,"column":4},"end":{"line":160,"column":5}},"line":136},"5":{"name":"deleteTransactionById","decl":{"start":{"line":161,"column":4},"end":{"line":189,"column":5}},"loc":{"start":{"line":161,"column":4},"end":{"line":189,"column":5}},"line":161}},"f":{"0":4,"1":4,"2":4,"3":2,"4":3,"5":3}}
,"D:\\folder_backup_20-10-2023\\Pelatihan_Binar_Academy\\Challenge_file\\chapter_5\\basic-bank-system\\app\\controller\\api\\v2\\users.js": {"path":"D:\\folder_backup_20-10-2023\\Pelatihan_Binar_Academy\\Challenge_file\\chapter_5\\basic-bank-system\\app\\controller\\api\\v2\\users.js","all":false,"statementMap":{"0":{"start":{"line":1,"column":0},"end":{"line":1,"column":50}},"1":{"start":{"line":2,"column":0},"end":{"line":2,"column":0}},"2":{"start":{"line":3,"column":0},"end":{"line":3,"column":18}},"3":{"start":{"line":4,"column":0},"end":{"line":4,"column":29}},"4":{"start":{"line":5,"column":0},"end":{"line":5,"column":119}},"5":{"start":{"line":6,"column":0},"end":{"line":6,"column":33}},"6":{"start":{"line":7,"column":0},"end":{"line":7,"column":34}},"7":{"start":{"line":8,"column":0},"end":{"line":8,"column":30}},"8":{"start":{"line":9,"column":0},"end":{"line":9,"column":22}},"9":{"start":{"line":10,"column":0},"end":{"line":10,"column":33}},"10":{"start":{"line":11,"column":0},"end":{"line":11,"column":11}},"11":{"start":{"line":12,"column":0},"end":{"line":12,"column":13}},"12":{"start":{"line":13,"column":0},"end":{"line":13,"column":34}},"13":{"start":{"line":14,"column":0},"end":{"line":14,"column":30}},"14":{"start":{"line":15,"column":0},"end":{"line":15,"column":22}},"15":{"start":{"line":16,"column":0},"end":{"line":16,"column":45}},"16":{"start":{"line":17,"column":0},"end":{"line":17,"column":30}},"17":{"start":{"line":18,"column":0},"end":{"line":18,"column":11}},"18":{"start":{"line":19,"column":0},"end":{"line":19,"column":6}},"19":{"start":{"line":20,"column":0},"end":{"line":20,"column":34}},"20":{"start":{"line":21,"column":0},"end":{"line":21,"column":28}},"21":{"start":{"line":22,"column":0},"end":{"line":22,"column":41}},"22":{"start":{"line":23,"column":0},"end":{"line":23,"column":27}},"23":{"start":{"line":24,"column":0},"end":{"line":24,"column":22}},"24":{"start":{"line":25,"column":0},"end":{"line":25,"column":35}},"25":{"start":{"line":26,"column":0},"end":{"line":26,"column":11}},"26":{"start":{"line":27,"column":0},"end":{"line":27,"column":13}},"27":{"start":{"line":28,"column":0},"end":{"line":28,"column":75}},"28":{"start":{"line":29,"column":0},"end":{"line":29,"column":29}},"29":{"start":{"line":30,"column":0},"end":{"line":30,"column":45}},"30":{"start":{"line":31,"column":0},"end":{"line":31,"column":34}},"31":{"start":{"line":32,"column":0},"end":{"line":32,"column":26}},"32":{"start":{"line":33,"column":0},"end":{"line":33,"column":56}},"33":{"start":{"line":34,"column":0},"end":{"line":34,"column":34}},"34":{"start":{"line":35,"column":0},"end":{"line":35,"column":15}},"35":{"start":{"line":36,"column":0},"end":{"line":36,"column":17}},"36":{"start":{"line":37,"column":0},"end":{"line":37,"column":38}},"37":{"start":{"line":38,"column":0},"end":{"line":38,"column":38}},"38":{"start":{"line":39,"column":0},"end":{"line":39,"column":30}},"39":{"start":{"line":40,"column":0},"end":{"line":40,"column":62}},"40":{"start":{"line":41,"column":0},"end":{"line":41,"column":18}},"41":{"start":{"line":42,"column":0},"end":{"line":42,"column":14}},"42":{"start":{"line":43,"column":0},"end":{"line":43,"column":6}},"43":{"start":{"line":44,"column":0},"end":{"line":44,"column":30}},"44":{"start":{"line":45,"column":0},"end":{"line":45,"column":13}},"45":{"start":{"line":46,"column":0},"end":{"line":46,"column":65}},"46":{"start":{"line":47,"column":0},"end":{"line":47,"column":45}},"47":{"start":{"line":48,"column":0},"end":{"line":48,"column":36}},"48":{"start":{"line":49,"column":0},"end":{"line":49,"column":31}},"49":{"start":{"line":50,"column":0},"end":{"line":50,"column":44}},"50":{"start":{"line":51,"column":0},"end":{"line":51,"column":18}},"51":{"start":{"line":52,"column":0},"end":{"line":52,"column":13}},"52":{"start":{"line":53,"column":0},"end":{"line":53,"column":158}},"53":{"start":{"line":54,"column":0},"end":{"line":54,"column":23}},"54":{"start":{"line":55,"column":0},"end":{"line":55,"column":38}},"55":{"start":{"line":56,"column":0},"end":{"line":56,"column":34}},"56":{"start":{"line":57,"column":0},"end":{"line":57,"column":26}},"57":{"start":{"line":58,"column":0},"end":{"line":58,"column":71}},"58":{"start":{"line":59,"column":0},"end":{"line":59,"column":28}},"59":{"start":{"line":60,"column":0},"end":{"line":60,"column":15}},"60":{"start":{"line":61,"column":0},"end":{"line":61,"column":25}},"61":{"start":{"line":62,"column":0},"end":{"line":62,"column":34}},"62":{"start":{"line":63,"column":0},"end":{"line":63,"column":32}},"63":{"start":{"line":64,"column":0},"end":{"line":64,"column":27}},"64":{"start":{"line":65,"column":0},"end":{"line":65,"column":39}},"65":{"start":{"line":66,"column":0},"end":{"line":66,"column":14}},"66":{"start":{"line":67,"column":0},"end":{"line":67,"column":9}},"67":{"start":{"line":68,"column":0},"end":{"line":68,"column":0}},"68":{"start":{"line":69,"column":0},"end":{"line":69,"column":6}},"69":{"start":{"line":70,"column":0},"end":{"line":70,"column":35}},"70":{"start":{"line":71,"column":0},"end":{"line":71,"column":28}},"71":{"start":{"line":72,"column":0},"end":{"line":72,"column":34}},"72":{"start":{"line":73,"column":0},"end":{"line":73,"column":32}},"73":{"start":{"line":74,"column":0},"end":{"line":74,"column":27}},"74":{"start":{"line":75,"column":0},"end":{"line":75,"column":39}},"75":{"start":{"line":76,"column":0},"end":{"line":76,"column":14}},"76":{"start":{"line":77,"column":0},"end":{"line":77,"column":9}},"77":{"start":{"line":78,"column":0},"end":{"line":78,"column":13}},"78":{"start":{"line":79,"column":0},"end":{"line":79,"column":69}},"79":{"start":{"line":80,"column":0},"end":{"line":80,"column":23}},"80":{"start":{"line":81,"column":0},"end":{"line":81,"column":72}},"81":{"start":{"line":82,"column":0},"end":{"line":82,"column":38}},"82":{"start":{"line":83,"column":0},"end":{"line":83,"column":39}},"83":{"start":{"line":84,"column":0},"end":{"line":84,"column":31}},"84":{"start":{"line":85,"column":0},"end":{"line":85,"column":54}},"85":{"start":{"line":86,"column":0},"end":{"line":86,"column":37}},"86":{"start":{"line":87,"column":0},"end":{"line":87,"column":18}},"87":{"start":{"line":88,"column":0},"end":{"line":88,"column":13}},"88":{"start":{"line":89,"column":0},"end":{"line":89,"column":17}},"89":{"start":{"line":90,"column":0},"end":{"line":90,"column":38}},"90":{"start":{"line":91,"column":0},"end":{"line":91,"column":36}},"91":{"start":{"line":92,"column":0},"end":{"line":92,"column":31}},"92":{"start":{"line":93,"column":0},"end":{"line":93,"column":57}},"93":{"start":{"line":94,"column":0},"end":{"line":94,"column":18}},"94":{"start":{"line":95,"column":0},"end":{"line":95,"column":14}},"95":{"start":{"line":96,"column":0},"end":{"line":96,"column":6}},"96":{"start":{"line":97,"column":0},"end":{"line":97,"column":32}},"97":{"start":{"line":98,"column":0},"end":{"line":98,"column":0}},"98":{"start":{"line":99,"column":0},"end":{"line":99,"column":13}},"99":{"start":{"line":100,"column":0},"end":{"line":100,"column":106}},"100":{"start":{"line":101,"column":0},"end":{"line":101,"column":102}},"101":{"start":{"line":102,"column":0},"end":{"line":102,"column":41}},"102":{"start":{"line":103,"column":0},"end":{"line":103,"column":32}},"103":{"start":{"line":104,"column":0},"end":{"line":104,"column":27}},"104":{"start":{"line":105,"column":0},"end":{"line":105,"column":89}},"105":{"start":{"line":106,"column":0},"end":{"line":106,"column":14}},"106":{"start":{"line":107,"column":0},"end":{"line":107,"column":9}},"107":{"start":{"line":108,"column":0},"end":{"line":108,"column":0}},"108":{"start":{"line":109,"column":0},"end":{"line":109,"column":61}},"109":{"start":{"line":110,"column":0},"end":{"line":110,"column":19}},"110":{"start":{"line":111,"column":0},"end":{"line":111,"column":74}},"111":{"start":{"line":112,"column":0},"end":{"line":112,"column":34}},"112":{"start":{"line":113,"column":0},"end":{"line":113,"column":34}},"113":{"start":{"line":114,"column":0},"end":{"line":114,"column":26}},"114":{"start":{"line":115,"column":0},"end":{"line":115,"column":45}},"115":{"start":{"line":116,"column":0},"end":{"line":116,"column":28}},"116":{"start":{"line":117,"column":0},"end":{"line":117,"column":10}},"117":{"start":{"line":118,"column":0},"end":{"line":118,"column":9}},"118":{"start":{"line":119,"column":0},"end":{"line":119,"column":13}},"119":{"start":{"line":120,"column":0},"end":{"line":120,"column":41}},"120":{"start":{"line":121,"column":0},"end":{"line":121,"column":32}},"121":{"start":{"line":122,"column":0},"end":{"line":122,"column":27}},"122":{"start":{"line":123,"column":0},"end":{"line":123,"column":42}},"123":{"start":{"line":124,"column":0},"end":{"line":124,"column":14}},"124":{"start":{"line":125,"column":0},"end":{"line":125,"column":9}},"125":{"start":{"line":126,"column":0},"end":{"line":126,"column":25}},"126":{"start":{"line":127,"column":0},"end":{"line":127,"column":34}},"127":{"start":{"line":128,"column":0},"end":{"line":128,"column":32}},"128":{"start":{"line":129,"column":0},"end":{"line":129,"column":27}},"129":{"start":{"line":130,"column":0},"end":{"line":130,"column":39}},"130":{"start":{"line":131,"column":0},"end":{"line":131,"column":14}},"131":{"start":{"line":132,"column":0},"end":{"line":132,"column":9}},"132":{"start":{"line":133,"column":0},"end":{"line":133,"column":5}},"133":{"start":{"line":134,"column":0},"end":{"line":134,"column":1}}},"s":{"0":1,"1":1,"2":1,"3":1,"4":4,"5":4,"6":1,"7":1,"8":1,"9":1,"10":1,"11":3,"12":3,"13":3,"14":3,"15":3,"16":3,"17":3,"18":1,"19":1,"20":3,"21":1,"22":1,"23":1,"24":1,"25":1,"26":2,"27":2,"28":2,"29":0,"30":0,"31":0,"32":0,"33":0,"34":0,"35":1,"36":1,"37":1,"38":1,"39":1,"40":1,"41":2,"42":1,"43":1,"44":3,"45":3,"46":1,"47":1,"48":1,"49":1,"50":1,"51":1,"52":2,"53":0,"54":0,"55":0,"56":0,"57":0,"58":0,"59":0,"60":3,"61":2,"62":2,"63":2,"64":2,"65":2,"66":2,"67":3,"68":1,"69":1,"70":3,"71":1,"72":1,"73":1,"74":1,"75":1,"76":1,"77":2,"78":2,"79":2,"80":0,"81":0,"82":0,"83":0,"84":0,"85":0,"86":0,"87":0,"88":2,"89":2,"90":2,"91":2,"92":2,"93":2,"94":2,"95":1,"96":1,"97":4,"98":4,"99":4,"100":4,"101":1,"102":1,"103":1,"104":1,"105":1,"106":1,"107":3,"108":3,"109":4,"110":2,"111":0,"112":0,"113":0,"114":0,"115":0,"116":0,"117":0,"118":1,"119":1,"120":1,"121":1,"122":1,"123":1,"124":1,"125":4,"126":2,"127":2,"128":2,"129":2,"130":2,"131":2,"132":4,"133":1},"branchMap":{"0":{"type":"branch","line":4,"loc":{"start":{"line":4,"column":4},"end":{"line":19,"column":5}},"locations":[{"start":{"line":4,"column":4},"end":{"line":19,"column":5}}]},"1":{"type":"branch","line":6,"loc":{"start":{"line":6,"column":32},"end":{"line":18,"column":11}},"locations":[{"start":{"line":6,"column":32},"end":{"line":18,"column":11}}]},"2":{"type":"branch","line":6,"loc":{"start":{"line":6,"column":32},"end":{"line":11,"column":11}},"locations":[{"start":{"line":6,"column":32},"end":{"line":11,"column":11}}]},"3":{"type":"branch","line":20,"loc":{"start":{"line":20,"column":4},"end":{"line":43,"column":5}},"locations":[{"start":{"line":20,"column":4},"end":{"line":43,"column":5}}]},"4":{"type":"branch","line":21,"loc":{"start":{"line":21,"column":27},"end":{"line":26,"column":11}},"locations":[{"start":{"line":21,"column":27},"end":{"line":26,"column":11}}]},"5":{"type":"branch","line":27,"loc":{"start":{"line":27,"column":-2},"end":{"line":42,"column":14}},"locations":[{"start":{"line":27,"column":-2},"end":{"line":42,"column":14}}]},"6":{"type":"branch","line":29,"loc":{"start":{"line":29,"column":-2},"end":{"line":29,"column":28}},"locations":[{"start":{"line":29,"column":-2},"end":{"line":29,"column":28}}]},"7":{"type":"branch","line":29,"loc":{"start":{"line":29,"column":28},"end":{"line":35,"column":15}},"locations":[{"start":{"line":29,"column":28},"end":{"line":35,"column":15}}]},"8":{"type":"branch","line":36,"loc":{"start":{"line":36,"column":-2},"end":{"line":42,"column":13}},"locations":[{"start":{"line":36,"column":-2},"end":{"line":42,"column":13}}]},"9":{"type":"branch","line":44,"loc":{"start":{"line":44,"column":4},"end":{"line":69,"column":5}},"locations":[{"start":{"line":44,"column":4},"end":{"line":69,"column":5}}]},"10":{"type":"branch","line":46,"loc":{"start":{"line":46,"column":64},"end":{"line":52,"column":13}},"locations":[{"start":{"line":46,"column":64},"end":{"line":52,"column":13}}]},"11":{"type":"branch","line":52,"loc":{"start":{"line":52,"column":12},"end":{"line":53,"column":158}},"locations":[{"start":{"line":52,"column":12},"end":{"line":53,"column":158}}]},"12":{"type":"branch","line":54,"loc":{"start":{"line":54,"column":-2},"end":{"line":60,"column":15}},"locations":[{"start":{"line":54,"column":-2},"end":{"line":60,"column":15}}]},"13":{"type":"branch","line":61,"loc":{"start":{"line":61,"column":10},"end":{"line":67,"column":9}},"locations":[{"start":{"line":61,"column":10},"end":{"line":67,"column":9}}]},"14":{"type":"branch","line":70,"loc":{"start":{"line":70,"column":4},"end":{"line":96,"column":5}},"locations":[{"start":{"line":70,"column":4},"end":{"line":96,"column":5}}]},"15":{"type":"branch","line":71,"loc":{"start":{"line":71,"column":27},"end":{"line":77,"column":9}},"locations":[{"start":{"line":71,"column":27},"end":{"line":77,"column":9}}]},"16":{"type":"branch","line":78,"loc":{"start":{"line":78,"column":-2},"end":{"line":95,"column":14}},"locations":[{"start":{"line":78,"column":-2},"end":{"line":95,"column":14}}]},"17":{"type":"branch","line":80,"loc":{"start":{"line":80,"column":22},"end":{"line":88,"column":13}},"locations":[{"start":{"line":80,"column":22},"end":{"line":88,"column":13}}]},"18":{"type":"branch","line":97,"loc":{"start":{"line":97,"column":4},"end":{"line":133,"column":5}},"locations":[{"start":{"line":97,"column":4},"end":{"line":133,"column":5}}]},"19":{"type":"branch","line":101,"loc":{"start":{"line":101,"column":79},"end":{"line":101,"column":100}},"locations":[{"start":{"line":101,"column":79},"end":{"line":101,"column":100}}]},"20":{"type":"branch","line":101,"loc":{"start":{"line":101,"column":101},"end":{"line":107,"column":9}},"locations":[{"start":{"line":101,"column":101},"end":{"line":107,"column":9}}]},"21":{"type":"branch","line":107,"loc":{"start":{"line":107,"column":8},"end":{"line":110,"column":18}},"locations":[{"start":{"line":107,"column":8},"end":{"line":110,"column":18}}]},"22":{"type":"branch","line":110,"loc":{"start":{"line":110,"column":18},"end":{"line":118,"column":9}},"locations":[{"start":{"line":110,"column":18},"end":{"line":118,"column":9}}]},"23":{"type":"branch","line":112,"loc":{"start":{"line":112,"column":-2},"end":{"line":118,"column":9}},"locations":[{"start":{"line":112,"column":-2},"end":{"line":118,"column":9}}]},"24":{"type":"branch","line":119,"loc":{"start":{"line":119,"column":-2},"end":{"line":125,"column":9}},"locations":[{"start":{"line":119,"column":-2},"end":{"line":125,"column":9}}]},"25":{"type":"branch","line":126,"loc":{"start":{"line":126,"column":10},"end":{"line":132,"column":9}},"locations":[{"start":{"line":126,"column":10},"end":{"line":132,"column":9}}]},"26":{"type":"branch","line":101,"loc":{"start":{"line":101,"column":32},"end":{"line":101,"column":78}},"locations":[{"start":{"line":101,"column":32},"end":{"line":101,"column":78}}]}},"b":{"0":[4],"1":[3],"2":[1],"3":[3],"4":[1],"5":[2],"6":[1],"7":[0],"8":[1],"9":[3],"10":[1],"11":[2],"12":[0],"13":[2],"14":[3],"15":[1],"16":[2],"17":[0],"18":[4],"19":[3],"20":[1],"21":[3],"22":[2],"23":[0],"24":[1],"25":[2],"26":[18]},"fnMap":{"0":{"name":"getUsers","decl":{"start":{"line":4,"column":4},"end":{"line":19,"column":5}},"loc":{"start":{"line":4,"column":4},"end":{"line":19,"column":5}},"line":4},"1":{"name":"getUsersById","decl":{"start":{"line":20,"column":4},"end":{"line":43,"column":5}},"loc":{"start":{"line":20,"column":4},"end":{"line":43,"column":5}},"line":20},"2":{"name":"postUsers","decl":{"start":{"line":44,"column":4},"end":{"line":69,"column":5}},"loc":{"start":{"line":44,"column":4},"end":{"line":69,"column":5}},"line":44},"3":{"name":"deleteUserById","decl":{"start":{"line":70,"column":4},"end":{"line":96,"column":5}},"loc":{"start":{"line":70,"column":4},"end":{"line":96,"column":5}},"line":70},"4":{"name":"putUsersById","decl":{"start":{"line":97,"column":4},"end":{"line":133,"column":5}},"loc":{"start":{"line":97,"column":4},"end":{"line":133,"column":5}},"line":97}},"f":{"0":4,"1":3,"2":3,"3":3,"4":4}}
[...]
e":163,"column":33}},"163":{"start":{"line":164,"column":0},"end":{"line":164,"column":30}},"164":{"start":{"line":165,"column":0},"end":{"line":165,"column":30}},"165":{"start":{"line":166,"column":0},"end":{"line":166,"column":28}},"166":{"start":{"line":167,"column":0},"end":{"line":167,"column":31}},"167":{"start":{"line":168,"column":0},"end":{"line":168,"column":32}},"168":{"start":{"line":169,"column":0},"end":{"line":169,"column":39}},"169":{"start":{"line":170,"column":0},"end":{"line":170,"column":14}},"170":{"start":{"line":171,"column":0},"end":{"line":171,"column":34}},"171":{"start":{"line":172,"column":0},"end":{"line":172,"column":50}},"172":{"start":{"line":173,"column":0},"end":{"line":173,"column":0}},"173":{"start":{"line":174,"column":0},"end":{"line":174,"column":23}},"174":{"start":{"line":175,"column":0},"end":{"line":175,"column":38}},"175":{"start":{"line":176,"column":0},"end":{"line":176,"column":13}},"176":{"start":{"line":177,"column":0},"end":{"line":177,"column":10}},"177":{"start":{"line":178,"column":0},"end":{"line":178,"column":21}},"178":{"start":{"line":179,"column":0},"end":{"line":179,"column":6}},"179":{"start":{"line":180,"column":0},"end":{"line":180,"column":32}},"180":{"start":{"line":181,"column":0},"end":{"line":181,"column":13}},"181":{"start":{"line":182,"column":0},"end":{"line":182,"column":53}},"182":{"start":{"line":183,"column":0},"end":{"line":183,"column":25}},"183":{"start":{"line":184,"column":0},"end":{"line":184,"column":39}},"184":{"start":{"line":185,"column":0},"end":{"line":185,"column":17}},"185":{"start":{"line":186,"column":0},"end":{"line":186,"column":14}},"186":{"start":{"line":187,"column":0},"end":{"line":187,"column":25}},"187":{"start":{"line":188,"column":0},"end":{"line":188,"column":23}},"188":{"start":{"line":189,"column":0},"end":{"line":189,"column":9}},"189":{"start":{"line":190,"column":0},"end":{"line":190,"column":1}},"190":{"start":{"line":191,"column":0},"end":{"line":191,"column":0}},"191":{"start":{"line":192,"column":0},"end":{"line":192,"column":1}}},"s":{"0":1,"1":1,"2":1,"3":1,"4":1,"5":1,"6":1,"7":1,"8":1,"9":1,"10":1,"11":1,"12":1,"13":1,"14":1,"15":1,"16":1,"17":1,"18":1,"19":1,"20":1,"21":1,"22":1,"23":1,"24":1,"25":1,"26":1,"27":1,"28":1,"29":1,"30":1,"31":1,"32":1,"33":1,"34":1,"35":1,"36":1,"37":1,"38":1,"39":1,"40":1,"41":1,"42":0,"43":0,"44":1,"45":1,"46":1,"47":2,"48":2,"49":2,"50":2,"51":2,"52":2,"53":2,"54":2,"55":2,"56":2,"57":2,"58":2,"59":2,"60":2,"61":2,"62":2,"63":2,"64":2,"65":2,"66":2,"67":2,"68":2,"69":1,"70":1,"71":1,"72":1,"73":2,"74":1,"75":1,"76":2,"77":2,"78":2,"79":2,"80":2,"81":2,"82":2,"83":2,"84":2,"85":2,"86":2,"87":2,"88":2,"89":2,"90":2,"91":2,"92":2,"93":2,"94":2,"95":2,"96":2,"97":2,"98":1,"99":1,"100":1,"101":1,"102":2,"103":1,"104":1,"105":10,"106":10,"107":10,"108":10,"109":10,"110":10,"111":10,"112":7,"113":7,"114":3,"115":3,"116":3,"117":1,"118":1,"119":2,"120":2,"121":2,"122":2,"123":2,"124":2,"125":2,"126":2,"127":2,"128":2,"129":2,"130":2,"131":2,"132":2,"133":2,"134":2,"135":2,"136":2,"137":2,"138":2,"139":2,"140":1,"141":1,"142":2,"143":2,"144":2,"145":2,"146":2,"147":2,"148":2,"149":2,"150":0,"151":2,"152":0,"153":0,"154":1,"155":1,"156":2,"157":2,"158":2,"159":2,"160":2,"161":2,"162":2,"163":2,"164":2,"165":2,"166":2,"167":2,"168":2,"169":2,"170":2,"171":2,"172":2,"173":2,"174":2,"175":2,"176":2,"177":2,"178":1,"179":1,"180":0,"181":0,"182":0,"183":0,"184":0,"185":0,"186":0,"187":0,"188":0,"189":0,"190":1,"191":1},"branchMap":{"0":{"type":"branch","line":7,"loc":{"start":{"line":7,"column":4},"end":{"line":46,"column":5}},"locations":[{"start":{"line":7,"column":4},"end":{"line":46,"column":5}}]},"1":{"type":"branch","line":42,"loc":{"start":{"line":42,"column":10},"end":{"line":44,"column":9}},"locations":[{"start":{"line":42,"column":10},"end":{"line":44,"column":9}}]},"2":{"type":"branch","line":47,"loc":{"start":{"line":47,"column":4},"end":{"line":75,"column":5}},"locations":[{"start":{"line":47,"column":4},"end":{"line":75,"column":5}}]},"3":{"type":"branch","line":70,"loc":{"start":{"line":70,"column":-2},"end":{"line":73,"column":9}},"locations":[{"start":{"line":70,"column":-2},"end":{"line":73,"column":9}}]},"4":{"type":"branch","line":76,"loc":{"start":{"line":76,"column":4},"end":{"line":104,"column":5}},"locations":[{"start":{"line":76,"column":4},"end":{"line":104,"column":5}}]},"5":{"type":"branch","line":99,"loc":{"start":{"line":99,"column":-2},"end":{"line":102,"column":9}},"locations":[{"start":{"line":99,"column":-2},"end":{"line":102,"column":9}}]},"6":{"type":"branch","line":105,"loc":{"start":{"line":105,"column":4},"end":{"line":118,"column":5}},"locations":[{"start":{"line":105,"column":4},"end":{"line":118,"column":5}}]},"7":{"type":"branch","line":112,"loc":{"start":{"line":112,"column":18},"end":{"line":114,"column":9}},"locations":[{"start":{"line":112,"column":18},"end":{"line":114,"column":9}}]},"8":{"type":"branch","line":115,"loc":{"start":{"line":115,"column":-2},"end":{"line":117,"column":9}},"locations":[{"start":{"line":115,"column":-2},"end":{"line":117,"column":9}}]},"9":{"type":"branch","line":119,"loc":{"start":{"line":119,"column":4},"end":{"line":141,"column":5}},"locations":[{"start":{"line":119,"column":4},"end":{"line":141,"column":5}}]},"10":{"type":"branch","line":142,"loc":{"start":{"line":142,"column":4},"end":{"line":155,"column":5}},"locations":[{"start":{"line":142,"column":4},"end":{"line":155,"column":5}}]},"11":{"type":"branch","line":151,"loc":{"start":{"line":151,"column":-2},"end":{"line":151,"column":30}},"locations":[{"start":{"line":151,"column":-2},"end":{"line":151,"column":30}}]},"12":{"type":"branch","line":152,"loc":{"start":{"line":152,"column":10},"end":{"line":154,"column":9}},"locations":[{"start":{"line":152,"column":10},"end":{"line":154,"column":9}}]},"13":{"type":"branch","line":156,"loc":{"start":{"line":156,"column":4},"end":{"line":179,"column":5}},"locations":[{"start":{"line":156,"column":4},"end":{"line":179,"column":5}}]}},"b":{"0":[1],"1":[0],"2":[2],"3":[1],"4":[2],"5":[1],"6":[10],"7":[7],"8":[3],"9":[2],"10":[2],"11":[0],"12":[0],"13":[2]},"fnMap":{"0":{"name":"transactionTransfer","decl":{"start":{"line":7,"column":4},"end":{"line":46,"column":5}},"loc":{"start":{"line":7,"column":4},"end":{"line":46,"column":5}},"line":7},"1":{"name":"transactionWithdraw","decl":{"start":{"line":47,"column":4},"end":{"line":75,"column":5}},"loc":{"start":{"line":47,"column":4},"end":{"line":75,"column":5}},"line":47},"2":{"name":"transactionDeposit","decl":{"start":{"line":76,"column":4},"end":{"line":104,"column":5}},"loc":{"start":{"line":76,"column":4},"end":{"line":104,"column":5}},"line":76},"3":{"name":"getAccountByAccNum","decl":{"start":{"line":105,"column":4},"end":{"line":118,"column":5}},"loc":{"start":{"line":105,"column":4},"end":{"line":118,"column":5}},"line":105},"4":{"name":"showAllTransactions","decl":{"start":{"line":119,"column":4},"end":{"line":141,"column":5}},"loc":{"start":{"line":119,"column":4},"end":{"line":141,"column":5}},"line":119},"5":{"name":"getSpecificTransaction","decl":{"start":{"line":142,"column":4},"end":{"line":155,"column":5}},"loc":{"start":{"line":142,"column":4},"end":{"line":155,"column":5}},"line":142},"6":{"name":"getTransactionsByAccountId","decl":{"start":{"line":156,"column":4},"end":{"line":179,"column":5}},"loc":{"start":{"line":156,"column":4},"end":{"line":179,"column":5}},"line":156},"7":{"name":"deleteTransaction","decl":{"start":{"line":180,"column":4},"end":{"line":190,"column":1}},"loc":{"start":{"line":180,"column":4},"end":{"line":190,"column":1}},"line":180}},"f":{"0":1,"1":2,"2":2,"3":10,"4":2,"5":2,"6":2,"7":0}}
,"D:\\folder_backup_20-10-2023\\Pelatihan_Binar_Academy\\Challenge_file\\chapter_5\\basic-bank-system\\app\\model\\v2\\users.js": {"path":"D:\\folder_backup_20-10-2023\\Pelatihan_Binar_Academy\\Challenge_file\\chapter_5\\basic-bank-system\\app\\model\\v2\\users.js","all":false,"statementMap":{"0":{"start":{"line":1,"column":0},"end":{"line":1,"column":48}},"1":{"start":{"line":2,"column":0},"end":{"line":2,"column":33}},"2":{"start":{"line":3,"column":0},"end":{"line":3,"column":0}},"3":{"start":{"line":4,"column":0},"end":{"line":4,"column":18}},"4":{"start":{"line":5,"column":0},"end":{"line":5,"column":72}},"5":{"start":{"line":6,"column":0},"end":{"line":6,"column":47}},"6":{"start":{"line":7,"column":0},"end":{"line":7,"column":21}},"7":{"start":{"line":8,"column":0},"end":{"line":8,"column":29}},"8":{"start":{"line":9,"column":0},"end":{"line":9,"column":43}},"9":{"start":{"line":10,"column":0},"end":{"line":10,"column":40}},"10":{"start":{"line":11,"column":0},"end":{"line":11,"column":17}},"11":{"start":{"line":12,"column":0},"end":{"line":12,"column":14}},"12":{"start":{"line":13,"column":0},"end":{"line":13,"column":50}},"13":{"start":{"line":14,"column":0},"end":{"line":14,"column":34}},"14":{"start":{"line":15,"column":0},"end":{"line":15,"column":23}},"15":{"start":{"line":16,"column":0},"end":{"line":16,"column":31}},"16":{"start":{"line":17,"column":0},"end":{"line":17,"column":13}},"17":{"start":{"line":18,"column":0},"end":{"line":18,"column":10}},"18":{"start":{"line":19,"column":0},"end":{"line":19,"column":24}},"19":{"start":{"line":20,"column":0},"end":{"line":20,"column":6}},"20":{"start":{"line":21,"column":0},"end":{"line":21,"column":27}},"21":{"start":{"line":22,"column":0},"end":{"line":22,"column":54}},"22":{"start":{"line":23,"column":0},"end":{"line":23,"column":21}},"23":{"start":{"line":24,"column":0},"end":{"line":24,"column":27}},"24":{"start":{"line":25,"column":0},"end":{"line":25,"column":13}},"25":{"start":{"line":26,"column":0},"end":{"line":26,"column":10}},"26":{"start":{"line":27,"column":0},"end":{"line":27,"column":30}},"27":{"start":{"line":28,"column":0},"end":{"line":28,"column":23}},"28":{"start":{"line":29,"column":0},"end":{"line":29,"column":9}},"29":{"start":{"line":30,"column":0},"end":{"line":30,"column":26}},"30":{"start":{"line":31,"column":0},"end":{"line":31,"column":5}},"31":{"start":{"line":32,"column":0},"end":{"line":32,"column":5}},"32":{"start":{"line":33,"column":0},"end":{"line":33,"column":30}},"33":{"start":{"line":34,"column":0},"end":{"line":34,"column":54}},"34":{"start":{"line":35,"column":0},"end":{"line":35,"column":21}},"35":{"start":{"line":36,"column":0},"end":{"line":36,"column":27}},"36":{"start":{"line":37,"column":0},"end":{"line":37,"column":14}},"37":{"start":{"line":38,"column":0},"end":{"line":38,"column":22}},"38":{"start":{"line":39,"column":0},"end":{"line":39,"column":31}},"39":{"start":{"line":40,"column":0},"end":{"line":40,"column":33}},"40":{"start":{"line":41,"column":0},"end":{"line":41,"column":31}},"41":{"start":{"line":42,"column":0},"end":{"line":42,"column":13}},"42":{"start":{"line":43,"column":0},"end":{"line":43,"column":10}},"43":{"start":{"line":44,"column":0},"end":{"line":44,"column":23}},"44":{"start":{"line":45,"column":0},"end":{"line":45,"column":6}},"45":{"start":{"line":46,"column":0},"end":{"line":46,"column":105}},"46":{"start":{"line":47,"column":0},"end":{"line":47,"column":13}},"47":{"start":{"line":48,"column":0},"end":{"line":48,"column":50}},"48":{"start":{"line":49,"column":0},"end":{"line":49,"column":23}},"49":{"start":{"line":50,"column":0},"end":{"line":50,"column":40}},"50":{"start":{"line":51,"column":0},"end":{"line":51,"column":53}},"51":{"start":{"line":52,"column":0},"end":{"line":52,"column":31}},"52":{"start":{"line":53,"column":0},"end":{"line":53,"column":34}},"53":{"start":{"line":54,"column":0},"end":{"line":54,"column":55}},"54":{"start":{"line":55,"column":0},"end":{"line":55,"column":57}},"55":{"start":{"line":56,"column":0},"end":{"line":56,"column":45}},"56":{"start":{"line":57,"column":0},"end":{"line":57,"column":25}},"57":{"start":{"line":58,"column":0},"end":{"line":58,"column":21}},"58":{"start":{"line":59,"column":0},"end":{"line":59,"column":17}},"59":{"start":{"line":60,"column":0},"end":{"line":60,"column":14}},"60":{"start":{"line":61,"column":0},"end":{"line":61,"column":23}},"61":{"start":{"line":62,"column":0},"end":{"line":62,"column":25}},"62":{"start":{"line":63,"column":0},"end":{"line":63,"column":23}},"63":{"start":{"line":64,"column":0},"end":{"line":64,"column":9}},"64":{"start":{"line":65,"column":0},"end":{"line":65,"column":6}},"65":{"start":{"line":66,"column":0},"end":{"line":66,"column":33}},"66":{"start":{"line":67,"column":0},"end":{"line":67,"column":13}},"67":{"start":{"line":68,"column":0},"end":{"line":68,"column":58}},"68":{"start":{"line":69,"column":0},"end":{"line":69,"column":25}},"69":{"start":{"line":70,"column":0},"end":{"line":70,"column":32}},"70":{"start":{"line":71,"column":0},"end":{"line":71,"column":18}},"71":{"start":{"line":72,"column":0},"end":{"line":72,"column":24}},"72":{"start":{"line":73,"column":0},"end":{"line":73,"column":47}},"73":{"start":{"line":74,"column":0},"end":{"line":74,"column":58}},"74":{"start":{"line":75,"column":0},"end":{"line":75,"column":17}},"75":{"start":{"line":76,"column":0},"end":{"line":76,"column":14}},"76":{"start":{"line":77,"column":0},"end":{"line":77,"column":69}},"77":{"start":{"line":78,"column":0},"end":{"line":78,"column":25}},"78":{"start":{"line":79,"column":0},"end":{"line":79,"column":32}},"79":{"start":{"line":80,"column":0},"end":{"line":80,"column":18}},"80":{"start":{"line":81,"column":0},"end":{"line":81,"column":26}},"81":{"start":{"line":82,"column":0},"end":{"line":82,"column":37}},"82":{"start":{"line":83,"column":0},"end":{"line":83,"column":17}},"83":{"start":{"line":84,"column":0},"end":{"line":84,"column":14}},"84":{"start":{"line":85,"column":0},"end":{"line":85,"column":0}},"85":{"start":{"line":86,"column":0},"end":{"line":86,"column":65}},"86":{"start":{"line":87,"column":0},"end":{"line":87,"column":24}},"87":{"start":{"line":88,"column":0},"end":{"line":88,"column":32}},"88":{"start":{"line":89,"column":0},"end":{"line":89,"column":61}},"89":{"start":{"line":90,"column":0},"end":{"line":90,"column":18}},"90":{"start":{"line":91,"column":0},"end":{"line":91,"column":24}},"91":{"start":{"line":92,"column":0},"end":{"line":92,"column":52}},"92":{"start":{"line":93,"column":0},"end":{"line":93,"column":55}},"93":{"start":{"line":94,"column":0},"end":{"line":94,"column":42}},"94":{"start":{"line":95,"column":0},"end":{"line":95,"column":17}},"95":{"start":{"line":96,"column":0},"end":{"line":96,"column":14}},"96":{"start":{"line":97,"column":0},"end":{"line":97,"column":20}},"97":{"start":{"line":98,"column":0},"end":{"line":98,"column":35}},"98":{"start":{"line":99,"column":0},"end":{"line":99,"column":27}},"99":{"start":{"line":100,"column":0},"end":{"line":100,"column":46}},"100":{"start":{"line":101,"column":0},"end":{"line":101,"column":55}},"101":{"start":{"line":102,"column":0},"end":{"line":102,"column":25}},"102":{"start":{"line":103,"column":0},"end":{"line":103,"column":23}},"103":{"start":{"line":104,"column":0},"end":{"line":104,"column":9}},"104":{"start":{"line":105,"column":0},"end":{"line":105,"column":6}},"105":{"start":{"line":106,"column":0},"end":{"line":106,"column":26}},"106":{"start":{"line":107,"column":0},"end":{"line":107,"column":42}},"107":{"start":{"line":108,"column":0},"end":{"line":108,"column":21}},"108":{"start":{"line":109,"column":0},"end":{"line":109,"column":28}},"109":{"start":{"line":110,"column":0},"end":{"line":110,"column":13}},"110":{"start":{"line":111,"column":0},"end":{"line":111,"column":10}},"111":{"start":{"line":112,"column":0},"end":{"line":112,"column":5}},"112":{"start":{"line":113,"column":0},"end":{"line":113,"column":0}},"113":{"start":{"line":114,"column":0},"end":{"line":114,"column":0}},"114":{"start":{"line":115,"column":0},"end":{"line":115,"column":0}},"115":{"start":{"line":116,"column":0},"end":{"line":116,"column":0}},"116":{"start":{"line":117,"column":0},"end":{"line":117,"column":1}}},"s":{"0":1,"1":1,"2":1,"3":1,"4":1,"5":4,"6":4,"7":4,"8":4,"9":4,"10":4,"11":4,"12":4,"13":4,"14":4,"15":4,"16":4,"17":4,"18":4,"19":1,"20":1,"21":3,"22":3,"23":3,"24":3,"25":3,"26":3,"27":2,"28":2,"29":1,"30":3,"31":1,"32":1,"33":4,"34":4,"35":4,"36":4,"37":4,"38":4,"39":4,"40":4,"41":4,"42":4,"43":3,"44":1,"45":1,"46":2,"47":2,"48":2,"49":2,"50":2,"51":2,"52":2,"53":2,"54":2,"55":2,"56":2,"57":2,"58":2,"59":2,"60":0,"61":2,"62":2,"63":2,"64":1,"65":1,"66":2,"67":2,"68":2,"69":2,"70":2,"71":2,"72":2,"73":2,"74":2,"75":2,"76":1,"77":1,"78":1,"79":1,"80":1,"81":1,"82":1,"83":1,"84":1,"85":1,"86":1,"87":1,"88":1,"89":1,"90":1,"91":1,"92":1,"93":1,"94":1,"95":1,"96":0,"97":0,"98":0,"99":0,"100":0,"101":2,"102":2,"103":2,"104":1,"105":1,"106":0,"107":0,"108":0,"109":0,"110":0,"111":0,"112":1,"113":1,"114":1,"115":1,"116":1},"branchMap":{"0":{"type":"branch","line":5,"loc":{"start":{"line":5,"column":4},"end":{"line":20,"column":5}},"locations":[{"start":{"line":5,"column":4},"end":{"line":20,"column":5}}]},"1":{"type":"branch","line":21,"loc":{"start":{"line":21,"column":4},"end":{"line":31,"column":5}},"locations":[{"start":{"line":21,"column":4},"end":{"line":31,"column":5}}]},"2":{"type":"branch","line":27,"loc":{"start":{"line":27,"column":29},"end":{"line":29,"column":9}},"locations":[{"start":{"line":27,"column":29},"end":{"line":29,"column":9}}]},"3":{"type":"branch","line":30,"loc":{"start":{"line":30,"column":-2},"end":{"line":30,"column":26}},"locations":[{"start":{"line":30,"column":-2},"end":{"line":30,"column":26}}]},"4":{"type":"branch","line":33,"loc":{"start":{"line":33,"column":4},"end":{"line":45,"column":5}},"locations":[{"start":{"line":33,"column":4},"end":{"line":45,"column":5}}]},"5":{"type":"branch","line":44,"loc":{"start":{"line":44,"column":-2},"end":{"line":45,"column":5}},"locations":[{"start":{"line":44,"column":-2},"end":{"line":45,"column":5}}]},"6":{"type":"branch","line":46,"loc":{"start":{"line":46,"column":4},"end":{"line":65,"column":5}},"locations":[{"start":{"line":46,"column":4},"end":{"line":65,"column":5}}]},"7":{"type":"branch","line":61,"loc":{"start":{"line":61,"column":-2},"end":{"line":62,"column":10}},"locations":[{"start":{"line":61,"column":-2},"end":{"line":62,"column":10}}]},"8":{"type":"branch","line":66,"loc":{"start":{"line":66,"column":4},"end":{"line":105,"column":5}},"locations":[{"start":{"line":66,"column":4},"end":{"line":105,"column":5}}]},"9":{"type":"branch","line":77,"loc":{"start":{"line":77,"column":-2},"end":{"line":96,"column":14}},"locations":[{"start":{"line":77,"column":-2},"end":{"line":96,"column":14}}]},"10":{"type":"branch","line":97,"loc":{"start":{"line":97,"column":-2},"end":{"line":102,"column":10}},"locations":[{"start":{"line":97,"column":-2},"end":{"line":102,"column":10}}]}},"b":{"0":[4],"1":[3],"2":[2],"3":[1],"4":[4],"5":[3],"6":[2],"7":[0],"8":[2],"9":[1],"10":[0]},"fnMap":{"0":{"name":"showAllUsers","decl":{"start":{"line":5,"column":4},"end":{"line":20,"column":5}},"loc":{"start":{"line":5,"column":4},"end":{"line":20,"column":5}},"line":5},"1":{"name":"searchUserId","decl":{"start":{"line":21,"column":4},"end":{"line":31,"column":5}},"loc":{"start":{"line":21,"column":4},"end":{"line":31,"column":5}},"line":21},"2":{"name":"searchUserById","decl":{"start":{"line":33,"column":4},"end":{"line":45,"column":5}},"loc":{"start":{"line":33,"column":4},"end":{"line":45,"column":5}},"line":33},"3":{"name":"userRegistration","decl":{"start":{"line":46,"column":4},"end":{"line":65,"column":5}},"loc":{"start":{"line":46,"column":4},"end":{"line":65,"column":5}},"line":46},"4":{"name":"update_user","decl":{"start":{"line":66,"column":4},"end":{"line":105,"column":5}},"loc":{"start":{"line":66,"column":4},"end":{"line":105,"column":5}},"line":66},"5":{"name":"delete_user","decl":{"start":{"line":106,"column":4},"end":{"line":112,"column":5}},"loc":{"start":{"line":106,"column":4},"end":{"line":112,"column":5}},"line":106}},"f":{"0":4,"1":3,"2":4,"3":2,"4":2,"5":0}}
}
