TN:
SF:app\controller\index.js
FNF:0
FNH:0
DA:1,1
DA:2,1
DA:3,1
DA:4,1
LF:4
LH:4
BRF:0
BRH:0
end_of_record
TN:
SF:app\controller\api\v2\accounts.js
FN:4,getAccounts
FN:22,getAccountById
FN:47,postAccount
FN:82,deleteAccountById
FNF:4
FNH:4
FNDA:2,getAccounts
FNDA:3,getAccountById
FNDA:4,postAccount
FNDA:3,deleteAccountById
DA:1,1
DA:2,1
DA:3,1
DA:4,1
DA:5,2
DA:6,2
DA:7,2
DA:8,1
DA:9,1
DA:10,1
DA:11,1
DA:12,1
DA:13,1
DA:14,1
DA:15,1
DA:16,1
DA:17,1
DA:18,1
DA:19,1
DA:20,2
DA:21,1
DA:22,1
DA:23,3
DA:24,1
DA:25,1
DA:26,1
DA:27,1
DA:28,1
DA:29,1
DA:30,2
DA:31,2
DA:32,2
DA:33,1
DA:34,1
DA:35,1
DA:36,1
DA:37,1
DA:38,1
DA:39,1
DA:40,1
DA:41,1
DA:42,1
DA:43,1
DA:44,1
DA:45,2
DA:46,1
DA:47,1
DA:48,4
DA:49,4
DA:50,1
DA:51,1
DA:52,1
DA:53,1
DA:54,1
DA:55,1
DA:56,3
DA:57,4
DA:58,1
DA:59,1
DA:60,1
DA:61,1
DA:62,1
DA:63,1
DA:64,1
DA:65,1
DA:66,1
DA:67,0
DA:68,0
DA:69,0
DA:70,0
DA:71,0
DA:72,0
DA:73,1
DA:74,4
DA:75,2
DA:76,2
DA:77,2
DA:78,2
DA:79,2
DA:80,2
DA:81,1
DA:82,1
DA:83,3
DA:84,1
DA:85,1
DA:86,1
DA:87,1
DA:88,1
DA:89,1
DA:90,2
DA:91,3
DA:92,0
DA:93,0
DA:94,0
DA:95,0
DA:96,0
DA:97,0
DA:98,0
DA:99,0
DA:100,2
DA:101,2
DA:102,2
DA:103,2
DA:104,2
DA:105,2
DA:106,2
DA:107,2
DA:108,3
DA:109,1
LF:109
LH:95
BRDA:4,0,0,2
BRDA:7,1,0,1
BRDA:22,2,0,3
BRDA:23,3,0,1
BRDA:30,4,0,2
BRDA:32,5,0,1
BRDA:47,6,0,4
BRDA:49,7,0,3
BRDA:49,8,0,3
BRDA:49,9,0,3
BRDA:49,10,0,1
BRDA:55,11,0,3
BRDA:57,12,0,2
BRDA:57,13,0,1
BRDA:67,14,0,0
BRDA:74,15,0,2
BRDA:82,16,0,3
BRDA:83,17,0,2
BRDA:83,18,0,1
BRDA:89,19,0,2
BRDA:91,20,0,0
BRDA:100,21,0,2
BRF:22
BRH:20
end_of_record
TN:
SF:app\controller\api\v2\auth.js
FN:9,registerNewAccount
FN:45,loginAccount
FN:72,whoami
FN:82,registerForm
FN:110,authUser
FN:123,dashboard
FNF:6
FNH:6
FNDA:3,registerNewAccount
FNDA:2,loginAccount
FNDA:1,whoami
FNDA:2,registerForm
FNDA:3,authUser
FNDA:1,dashboard
DA:1,1
DA:2,1
DA:3,1
DA:4,1
DA:5,1
DA:6,1
DA:7,1
DA:8,1
DA:9,1
DA:10,3
DA:11,1
DA:12,1
DA:13,1
DA:14,1
DA:15,1
DA:16,1
DA:17,2
DA:18,3
DA:19,1
DA:20,1
DA:21,1
DA:22,1
DA:23,1
DA:24,1
DA:25,1
DA:26,1
DA:27,1
DA:28,0
DA:29,0
DA:30,0
DA:31,0
DA:32,0
DA:33,0
DA:34,0
DA:35,0
DA:36,0
DA:37,0
DA:38,0
DA:39,0
DA:40,0
DA:41,0
DA:42,0
DA:43,1
DA:44,1
DA:45,1
DA:46,2
DA:47,2
DA:48,2
DA:49,2
DA:50,2
DA:51,2
DA:52,2
DA:53,2
DA:54,2
DA:55,1
DA:56,1
DA:57,1
DA:58,1
DA:59,1
DA:60,1
DA:61,2
DA:62,1
DA:63,1
DA:64,1
DA:65,1
DA:66,1
DA:67,1
DA:68,1
DA:69,1
DA:70,1
DA:71,1
DA:72,1
DA:73,1
DA:74,1
DA:75,1
DA:76,1
DA:77,1
DA:78,1
DA:79,1
DA:80,1
DA:81,1
DA:82,1
DA:83,2
DA:84,2
DA:85,2
DA:86,2
DA:87,2
DA:88,2
DA:89,2
DA:90,2
DA:91,2
DA:92,2
DA:93,2
DA:94,2
DA:95,0
DA:96,0
DA:97,0
DA:98,0
DA:99,0
DA:100,0
DA:101,0
DA:102,0
DA:103,0
DA:104,0
DA:105,0
DA:106,0
DA:107,0
DA:108,2
DA:109,1
DA:110,1
DA:111,3
DA:112,3
DA:113,3
DA:114,3
DA:115,3
DA:116,1
DA:117,1
DA:118,1
DA:119,1
DA:120,1
DA:121,1
DA:122,1
DA:123,1
DA:124,1
DA:125,1
DA:126,1
LF:126
LH:98
BRDA:9,0,0,3
BRDA:10,1,0,2
BRDA:10,2,0,1
BRDA:16,3,0,2
BRDA:18,4,0,1
BRDA:28,5,0,0
BRDA:45,6,0,2
BRDA:54,7,0,1
BRDA:61,8,0,1
BRDA:72,9,0,1
BRDA:82,10,0,2
BRDA:94,11,0,0
BRDA:110,12,0,3
BRDA:115,13,0,2
BRDA:115,14,0,1
BRDA:123,15,0,1
BRF:16
BRH:14
end_of_record
TN:
SF:app\controller\api\v2\media.js
FN:10,uploadImage
FN:21,uploadFile
FN:32,uploadVideo
FN:43,uploadText
FN:54,qrGenerate
FN:80,imagekitUpload
FN:100,qrGenerateToUpload
FNF:7
FNH:0
FNDA:0,uploadImage
FNDA:0,uploadFile
FNDA:0,uploadVideo
FNDA:0,uploadText
FNDA:0,qrGenerate
FNDA:0,imagekitUpload
FNDA:0,qrGenerateToUpload
DA:1,1
DA:2,1
DA:3,1
DA:4,1
DA:5,1
DA:6,1
DA:7,1
DA:8,1
DA:9,1
DA:10,1
DA:11,0
DA:12,0
DA:13,0
DA:14,0
DA:15,0
DA:16,0
DA:17,0
DA:18,0
DA:19,0
DA:20,1
DA:21,1
DA:22,0
DA:23,0
DA:24,0
DA:25,0
DA:26,0
DA:27,0
DA:28,0
DA:29,0
DA:30,0
DA:31,1
DA:32,1
DA:33,0
DA:34,0
DA:35,0
DA:36,0
DA:37,0
DA:38,0
DA:39,0
DA:40,0
DA:41,0
DA:42,1
DA:43,1
DA:44,0
DA:45,0
DA:46,0
DA:47,0
DA:48,0
DA:49,0
DA:50,0
DA:51,0
DA:52,0
DA:53,1
DA:54,1
DA:55,0
DA:56,0
DA:57,0
DA:58,0
DA:59,0
DA:60,0
DA:61,0
DA:62,0
DA:63,0
DA:64,0
DA:65,0
DA:66,0
DA:67,0
DA:68,0
DA:69,0
DA:70,0
DA:71,0
DA:72,0
DA:73,0
DA:74,0
DA:75,0
DA:76,0
DA:77,0
DA:78,0
DA:79,1
DA:80,1
DA:81,0
DA:82,0
DA:83,0
DA:84,0
DA:85,0
DA:86,0
DA:87,0
DA:88,0
DA:89,0
DA:90,0
DA:91,0
DA:92,0
DA:93,0
DA:94,0
DA:95,0
DA:96,0
DA:97,0
DA:98,0
DA:99,1
DA:100,1
DA:101,0
DA:102,0
DA:103,0
DA:104,0
DA:105,0
DA:106,0
DA:107,0
DA:108,0
DA:109,0
DA:110,0
DA:111,0
DA:112,0
DA:113,0
DA:114,0
DA:115,0
DA:116,0
DA:117,0
DA:118,0
DA:119,0
DA:120,0
DA:121,0
DA:122,0
DA:123,0
DA:124,0
DA:125,0
DA:126,0
DA:127,0
DA:128,0
DA:129,0
DA:130,0
DA:131,0
DA:132,0
DA:133,0
DA:134,0
DA:135,0
DA:136,0
DA:137,0
DA:138,1
LF:138
LH:23
BRF:0
BRH:0
end_of_record
TN:
SF:app\controller\api\v2\transactions.js
FN:4,postTransfer
FN:45,postWithdraw
FN:80,postDeposit
FN:116,getTransactions
FN:136,getTransactionByAccountId
FN:161,deleteTransactionById
FNF:6
FNH:6
FNDA:4,postTransfer
FNDA:4,postWithdraw
FNDA:4,postDeposit
FNDA:2,getTransactions
FNDA:3,getTransactionByAccountId
FNDA:3,deleteTransactionById
DA:1,1
DA:2,1
DA:3,1
DA:4,1
DA:5,4
DA:6,4
DA:7,4
DA:8,4
DA:9,4
DA:10,4
DA:11,1
DA:12,1
DA:13,1
DA:14,1
DA:15,1
DA:16,1
DA:17,2
DA:18,2
DA:19,4
DA:20,1
DA:21,1
DA:22,1
DA:23,1
DA:24,1
DA:25,1
DA:26,1
DA:27,1
DA:28,1
DA:29,1
DA:30,1
DA:31,1
DA:32,1
DA:33,1
DA:34,1
DA:35,1
DA:36,1
DA:37,4
DA:38,1
DA:39,1
DA:40,1
DA:41,1
DA:42,1
DA:43,1
DA:44,1
DA:45,4
DA:46,4
DA:47,4
DA:48,4
DA:49,4
DA:50,1
DA:51,1
DA:52,1
DA:53,1
DA:54,1
DA:55,1
DA:56,3
DA:57,4
DA:58,1
DA:59,1
DA:60,1
DA:61,1
DA:62,1
DA:63,1
DA:64,2
DA:65,1
DA:66,1
DA:67,1
DA:68,1
DA:69,1
DA:70,1
DA:71,1
DA:72,1
DA:73,1
DA:74,1
DA:75,1
DA:76,1
DA:77,1
DA:78,1
DA:79,1
DA:80,4
DA:81,4
DA:82,4
DA:83,4
DA:84,4
DA:85,1
DA:86,1
DA:87,1
DA:88,1
DA:89,1
DA:90,1
DA:91,3
DA:92,4
DA:93,1
DA:94,1
DA:95,1
DA:96,1
DA:97,1
DA:98,1
DA:99,2
DA:100,1
DA:101,1
DA:102,1
DA:103,1
DA:104,1
DA:105,1
DA:106,1
DA:107,1
DA:108,1
DA:109,1
DA:110,1
DA:111,1
DA:112,1
DA:113,1
DA:114,4
DA:115,1
DA:116,1
DA:117,2
DA:118,2
DA:119,2
DA:120,1
DA:121,1
DA:122,1
DA:123,1
DA:124,1
DA:125,1
DA:126,1
DA:127,1
DA:128,1
DA:129,1
DA:130,1
DA:131,1
DA:132,1
DA:133,1
DA:134,2
DA:135,1
DA:136,1
DA:137,3
DA:138,1
DA:139,1
DA:140,1
DA:141,1
DA:142,1
DA:143,1
DA:144,2
DA:145,2
DA:146,2
DA:147,1
DA:148,1
DA:149,1
DA:150,1
DA:151,1
DA:152,1
DA:153,1
DA:154,1
DA:155,1
DA:156,1
DA:157,1
DA:158,1
DA:159,2
DA:160,1
DA:161,1
DA:162,3
DA:163,1
DA:164,1
DA:165,1
DA:166,1
DA:167,1
DA:168,1
DA:169,2
DA:170,2
DA:171,3
DA:172,0
DA:173,0
DA:174,0
DA:175,0
DA:176,0
DA:177,0
DA:178,0
DA:179,0
DA:180,2
DA:181,2
DA:182,2
DA:183,2
DA:184,2
DA:185,2
DA:186,2
DA:187,3
DA:188,3
DA:189,3
DA:190,1
DA:191,1
LF:191
LH:183
BRDA:4,0,0,4
BRDA:8,1,0,2
BRDA:9,2,0,2
BRDA:9,3,0,2
BRDA:10,4,0,2
BRDA:10,5,0,1
BRDA:16,6,0,2
BRDA:19,7,0,1
BRDA:19,8,0,1
BRDA:37,9,0,1
BRDA:45,10,0,4
BRDA:49,11,0,1
BRDA:55,12,0,3
BRDA:57,13,0,1
BRDA:63,14,0,2
BRDA:65,15,0,1
BRDA:80,16,0,4
BRDA:84,17,0,1
BRDA:90,18,0,3
BRDA:92,19,0,1
BRDA:98,20,0,2
BRDA:100,21,0,1
BRDA:116,22,0,2
BRDA:119,23,0,1
BRDA:136,24,0,3
BRDA:137,25,0,1
BRDA:144,26,0,2
BRDA:146,27,0,1
BRDA:161,28,0,3
BRDA:162,29,0,1
BRDA:168,30,0,2
BRDA:171,31,0,0
BRDA:180,32,0,2
BRF:33
BRH:32
end_of_record
TN:
SF:app\controller\api\v2\users.js
FN:4,getUsers
FN:20,getUsersById
FN:44,postUsers
FN:70,deleteUserById
FN:97,putUsersById
FNF:5
FNH:5
FNDA:4,getUsers
FNDA:3,getUsersById
FNDA:3,postUsers
FNDA:3,deleteUserById
FNDA:4,putUsersById
DA:1,1
DA:2,1
DA:3,1
DA:4,1
DA:5,4
DA:6,4
DA:7,1
DA:8,1
DA:9,1
DA:10,1
DA:11,1
DA:12,3
DA:13,3
DA:14,3
DA:15,3
DA:16,3
DA:17,3
DA:18,3
DA:19,1
DA:20,1
DA:21,3
DA:22,1
DA:23,1
DA:24,1
DA:25,1
DA:26,1
DA:27,2
DA:28,2
DA:29,2
DA:30,0
DA:31,0
DA:32,0
DA:33,0
DA:34,0
DA:35,0
DA:36,1
DA:37,1
DA:38,1
DA:39,1
DA:40,1
DA:41,1
DA:42,2
DA:43,1
DA:44,1
DA:45,3
DA:46,3
DA:47,1
DA:48,1
DA:49,1
DA:50,1
DA:51,1
DA:52,1
DA:53,2
DA:54,0
DA:55,0
DA:56,0
DA:57,0
DA:58,0
DA:59,0
DA:60,0
DA:61,3
DA:62,2
DA:63,2
DA:64,2
DA:65,2
DA:66,2
DA:67,2
DA:68,3
DA:69,1
DA:70,1
DA:71,3
DA:72,1
DA:73,1
DA:74,1
DA:75,1
DA:76,1
DA:77,1
DA:78,2
DA:79,2
DA:80,2
DA:81,0
DA:82,0
DA:83,0
DA:84,0
DA:85,0
DA:86,0
DA:87,0
DA:88,0
DA:89,2
DA:90,2
DA:91,2
DA:92,2
DA:93,2
DA:94,2
DA:95,2
DA:96,1
DA:97,1
DA:98,4
DA:99,4
DA:100,4
DA:101,4
DA:102,1
DA:103,1
DA:104,1
DA:105,1
DA:106,1
DA:107,1
DA:108,3
DA:109,3
DA:110,4
DA:111,2
DA:112,0
DA:113,0
DA:114,0
DA:115,0
DA:116,0
DA:117,0
DA:118,0
DA:119,1
DA:120,1
DA:121,1
DA:122,1
DA:123,1
DA:124,1
DA:125,1
DA:126,4
DA:127,2
DA:128,2
DA:129,2
DA:130,2
DA:131,2
DA:132,2
DA:133,4
DA:134,1
LF:134
LH:106
BRDA:4,0,0,4
BRDA:6,1,0,3
BRDA:6,2,0,1
BRDA:20,3,0,3
BRDA:21,4,0,1
BRDA:27,5,0,2
BRDA:29,6,0,1
BRDA:29,7,0,0
BRDA:36,8,0,1
BRDA:44,9,0,3
BRDA:46,10,0,1
BRDA:52,11,0,2
BRDA:54,12,0,0
BRDA:61,13,0,2
BRDA:70,14,0,3
BRDA:71,15,0,1
BRDA:78,16,0,2
BRDA:80,17,0,0
BRDA:97,18,0,4
BRDA:101,19,0,3
BRDA:101,20,0,1
BRDA:107,21,0,3
BRDA:110,22,0,2
BRDA:112,23,0,0
BRDA:119,24,0,1
BRDA:126,25,0,2
BRDA:101,26,0,18
BRF:27
BRH:23
end_of_record
TN:
SF:app\model\v2\accounts.js
FN:5,searchAccounts
FN:24,searchAccountById
FN:33,searchAccountId
FN:44,searchUserId
FN:52,createNewAccount
FN:67,deleteAccount
FNF:6
FNH:5
FNDA:2,searchAccounts
FNDA:2,searchAccountById
FNDA:2,searchAccountId
FNDA:5,searchUserId
FNDA:2,createNewAccount
FNDA:0,deleteAccount
DA:1,1
DA:2,1
DA:3,1
DA:4,1
DA:5,1
DA:6,2
DA:7,2
DA:8,2
DA:9,2
DA:10,2
DA:11,2
DA:12,2
DA:13,2
DA:14,2
DA:15,2
DA:16,2
DA:17,2
DA:18,2
DA:19,2
DA:20,2
DA:21,2
DA:22,2
DA:23,1
DA:24,1
DA:25,2
DA:26,2
DA:27,2
DA:28,2
DA:29,2
DA:30,2
DA:31,2
DA:32,1
DA:33,1
DA:34,2
DA:35,2
DA:36,2
DA:37,2
DA:38,2
DA:39,2
DA:40,0
DA:41,0
DA:42,2
DA:43,1
DA:44,1
DA:45,5
DA:46,5
DA:47,5
DA:48,5
DA:49,5
DA:50,4
DA:51,1
DA:52,1
DA:53,2
DA:54,2
DA:55,2
DA:56,2
DA:57,2
DA:58,2
DA:59,2
DA:60,2
DA:61,2
DA:62,0
DA:63,2
DA:64,2
DA:65,2
DA:66,1
DA:67,1
DA:68,0
DA:69,0
DA:70,0
DA:71,0
DA:72,0
DA:73,0
DA:74,0
DA:75,0
DA:76,0
DA:77,0
DA:78,0
DA:79,0
DA:80,1
DA:81,1
DA:82,1
DA:83,1
LF:83
LH:68
BRDA:5,0,0,2
BRDA:24,1,0,2
BRDA:33,2,0,2
BRDA:39,3,0,0
BRDA:44,4,0,5
BRDA:50,5,0,4
BRDA:52,6,0,2
BRDA:62,7,0,0
BRF:8
BRH:6
end_of_record
TN:
SF:app\model\v2\transactions.js
FN:7,transactionTransfer
FN:47,transactionWithdraw
FN:76,transactionDeposit
FN:105,getAccountByAccNum
FN:119,showAllTransactions
FN:142,getSpecificTransaction
FN:156,getTransactionsByAccountId
FN:180,deleteTransaction
FNF:8
FNH:7
FNDA:1,transactionTransfer
FNDA:2,transactionWithdraw
FNDA:2,transactionDeposit
FNDA:10,getAccountByAccNum
FNDA:2,showAllTransactions
FNDA:2,getSpecificTransaction
FNDA:2,getTransactionsByAccountId
FNDA:0,deleteTransaction
DA:1,1
DA:2,1
DA:3,1
DA:4,1
DA:5,1
DA:6,1
DA:7,1
DA:8,1
DA:9,1
DA:10,1
DA:11,1
DA:12,1
DA:13,1
DA:14,1
DA:15,1
DA:16,1
DA:17,1
DA:18,1
DA:19,1
DA:20,1
DA:21,1
DA:22,1
DA:23,1
DA:24,1
DA:25,1
DA:26,1
DA:27,1
DA:28,1
DA:29,1
DA:30,1
DA:31,1
DA:32,1
DA:33,1
DA:34,1
DA:35,1
DA:36,1
DA:37,1
DA:38,1
DA:39,1
DA:40,1
DA:41,1
DA:42,1
DA:43,0
DA:44,0
DA:45,1
DA:46,1
DA:47,1
DA:48,2
DA:49,2
DA:50,2
DA:51,2
DA:52,2
DA:53,2
DA:54,2
DA:55,2
DA:56,2
DA:57,2
DA:58,2
DA:59,2
DA:60,2
DA:61,2
DA:62,2
DA:63,2
DA:64,2
DA:65,2
DA:66,2
DA:67,2
DA:68,2
DA:69,2
DA:70,1
DA:71,1
DA:72,1
DA:73,1
DA:74,2
DA:75,1
DA:76,1
DA:77,2
DA:78,2
DA:79,2
DA:80,2
DA:81,2
DA:82,2
DA:83,2
DA:84,2
DA:85,2
DA:86,2
DA:87,2
DA:88,2
DA:89,2
DA:90,2
DA:91,2
DA:92,2
DA:93,2
DA:94,2
DA:95,2
DA:96,2
DA:97,2
DA:98,2
DA:99,1
DA:100,1
DA:101,1
DA:102,1
DA:103,2
DA:104,1
DA:105,1
DA:106,10
DA:107,10
DA:108,10
DA:109,10
DA:110,10
DA:111,10
DA:112,10
DA:113,7
DA:114,7
DA:115,3
DA:116,3
DA:117,3
DA:118,1
DA:119,1
DA:120,2
DA:121,2
DA:122,2
DA:123,2
DA:124,2
DA:125,2
DA:126,2
DA:127,2
DA:128,2
DA:129,2
DA:130,2
DA:131,2
DA:132,2
DA:133,2
DA:134,2
DA:135,2
DA:136,2
DA:137,2
DA:138,2
DA:139,2
DA:140,2
DA:141,1
DA:142,1
DA:143,2
DA:144,2
DA:145,2
DA:146,2
DA:147,2
DA:148,2
DA:149,2
DA:150,2
DA:151,0
DA:152,2
DA:153,0
DA:154,0
DA:155,1
DA:156,1
DA:157,2
DA:158,2
DA:159,2
DA:160,2
DA:161,2
DA:162,2
DA:163,2
DA:164,2
DA:165,2
DA:166,2
DA:167,2
DA:168,2
DA:169,2
DA:170,2
DA:171,2
DA:172,2
DA:173,2
DA:174,2
DA:175,2
DA:176,2
DA:177,2
DA:178,2
DA:179,1
DA:180,1
DA:181,0
DA:182,0
DA:183,0
DA:184,0
DA:185,0
DA:186,0
DA:187,0
DA:188,0
DA:189,0
DA:190,0
DA:191,1
DA:192,1
LF:192
LH:177
BRDA:7,0,0,1
BRDA:42,1,0,0
BRDA:47,2,0,2
BRDA:70,3,0,1
BRDA:76,4,0,2
BRDA:99,5,0,1
BRDA:105,6,0,10
BRDA:112,7,0,7
BRDA:115,8,0,3
BRDA:119,9,0,2
BRDA:142,10,0,2
BRDA:151,11,0,0
BRDA:152,12,0,0
BRDA:156,13,0,2
BRF:14
BRH:11
end_of_record
TN:
SF:app\model\v2\users.js
FN:5,showAllUsers
FN:21,searchUserId
FN:33,searchUserById
FN:46,userRegistration
FN:66,update_user
FN:106,delete_user
FNF:6
FNH:5
FNDA:4,showAllUsers
FNDA:3,searchUserId
FNDA:4,searchUserById
FNDA:2,userRegistration
FNDA:2,update_user
FNDA:0,delete_user
DA:1,1
DA:2,1
DA:3,1
DA:4,1
DA:5,1
DA:6,4
DA:7,4
DA:8,4
DA:9,4
DA:10,4
DA:11,4
DA:12,4
DA:13,4
DA:14,4
DA:15,4
DA:16,4
DA:17,4
DA:18,4
DA:19,4
DA:20,1
DA:21,1
DA:22,3
DA:23,3
DA:24,3
DA:25,3
DA:26,3
DA:27,3
DA:28,2
DA:29,2
DA:30,1
DA:31,3
DA:32,1
DA:33,1
DA:34,4
DA:35,4
DA:36,4
DA:37,4
DA:38,4
DA:39,4
DA:40,4
DA:41,4
DA:42,4
DA:43,4
DA:44,3
DA:45,1
DA:46,1
DA:47,2
DA:48,2
DA:49,2
DA:50,2
DA:51,2
DA:52,2
DA:53,2
DA:54,2
DA:55,2
DA:56,2
DA:57,2
DA:58,2
DA:59,2
DA:60,2
DA:61,0
DA:62,2
DA:63,2
DA:64,2
DA:65,1
DA:66,1
DA:67,2
DA:68,2
DA:69,2
DA:70,2
DA:71,2
DA:72,2
DA:73,2
DA:74,2
DA:75,2
DA:76,2
DA:77,1
DA:78,1
DA:79,1
DA:80,1
DA:81,1
DA:82,1
DA:83,1
DA:84,1
DA:85,1
DA:86,1
DA:87,1
DA:88,1
DA:89,1
DA:90,1
DA:91,1
DA:92,1
DA:93,1
DA:94,1
DA:95,1
DA:96,1
DA:97,0
DA:98,0
DA:99,0
DA:100,0
DA:101,0
DA:102,2
DA:103,2
DA:104,2
DA:105,1
DA:106,1
DA:107,0
DA:108,0
DA:109,0
DA:110,0
DA:111,0
DA:112,0
DA:113,1
DA:114,1
DA:115,1
DA:116,1
DA:117,1
LF:117
LH:105
BRDA:5,0,0,4
BRDA:21,1,0,3
BRDA:27,2,0,2
BRDA:30,3,0,1
BRDA:33,4,0,4
BRDA:44,5,0,3
BRDA:46,6,0,2
BRDA:61,7,0,0
BRDA:66,8,0,2
BRDA:77,9,0,1
BRDA:97,10,0,0
BRF:11
BRH:9
end_of_record
